

Started GET "/assets/rails.png" for 127.0.0.1 at 2015-05-21 12:07:10 +0530
Connecting to database specified by database.yml
Served asset /rails.png - 304 Not Modified (2ms)


Started GET "/studentrecs" for 127.0.0.1 at 2015-05-21 12:07:18 +0530
Processing by StudentrecsController#index as HTML
Completed 500 Internal Server Error in 15.4ms

ActiveRecord::StatementInvalid (Could not find table 'studentrecs'):
  app/controllers/studentrecs_controller.rb:5:in `index'


  Rendered /home/nyros/.rvm/gems/ruby-2.1.5/gems/actionpack-3.2.21/lib/action_dispatch/middleware/templates/rescues/_trace.erb (1.3ms)
  Rendered /home/nyros/.rvm/gems/ruby-2.1.5/gems/actionpack-3.2.21/lib/action_dispatch/middleware/templates/rescues/_request_and_response.erb (0.8ms)
  Rendered /home/nyros/.rvm/gems/ruby-2.1.5/gems/actionpack-3.2.21/lib/action_dispatch/middleware/templates/rescues/diagnostics.erb within rescues/layout (8.0ms)


Started GET "/studentrec" for 127.0.0.1 at 2015-05-21 12:07:22 +0530

ActionController::RoutingError (No route matches [GET] "/studentrec"):
  actionpack (3.2.21) lib/action_dispatch/middleware/debug_exceptions.rb:21:in `call'
  actionpack (3.2.21) lib/action_dispatch/middleware/show_exceptions.rb:56:in `call'
  railties (3.2.21) lib/rails/rack/logger.rb:32:in `call_app'
  railties (3.2.21) lib/rails/rack/logger.rb:16:in `block in call'
  activesupport (3.2.21) lib/active_support/tagged_logging.rb:22:in `tagged'
  railties (3.2.21) lib/rails/rack/logger.rb:16:in `call'
  actionpack (3.2.21) lib/action_dispatch/middleware/request_id.rb:22:in `call'
  rack (1.4.5) lib/rack/methodoverride.rb:21:in `call'
  rack (1.4.5) lib/rack/runtime.rb:17:in `call'
  activesupport (3.2.21) lib/active_support/cache/strategy/local_cache.rb:72:in `call'
  rack (1.4.5) lib/rack/lock.rb:15:in `call'
  actionpack (3.2.21) lib/action_dispatch/middleware/static.rb:83:in `call'
  railties (3.2.21) lib/rails/engine.rb:484:in `call'
  railties (3.2.21) lib/rails/application.rb:231:in `call'
  rack (1.4.5) lib/rack/content_length.rb:14:in `call'
  railties (3.2.21) lib/rails/rack/log_tailer.rb:17:in `call'
  rack (1.4.5) lib/rack/handler/webrick.rb:59:in `service'
  /home/nyros/.rvm/rubies/ruby-2.1.5/lib/ruby/2.1.0/webrick/httpserver.rb:138:in `service'
  /home/nyros/.rvm/rubies/ruby-2.1.5/lib/ruby/2.1.0/webrick/httpserver.rb:94:in `run'
  /home/nyros/.rvm/rubies/ruby-2.1.5/lib/ruby/2.1.0/webrick/server.rb:295:in `block in start_thread'


  Rendered /home/nyros/.rvm/gems/ruby-2.1.5/gems/actionpack-3.2.21/lib/action_dispatch/middleware/templates/rescues/routing_error.erb within rescues/layout (0.5ms)


Started GET "/studentrecs" for 127.0.0.1 at 2015-05-21 12:07:26 +0530
Processing by StudentrecsController#index as HTML
Completed 500 Internal Server Error in 0.8ms

ActiveRecord::StatementInvalid (Could not find table 'studentrecs'):
  app/controllers/studentrecs_controller.rb:5:in `index'


  Rendered /home/nyros/.rvm/gems/ruby-2.1.5/gems/actionpack-3.2.21/lib/action_dispatch/middleware/templates/rescues/_trace.erb (1.2ms)
  Rendered /home/nyros/.rvm/gems/ruby-2.1.5/gems/actionpack-3.2.21/lib/action_dispatch/middleware/templates/rescues/_request_and_response.erb (0.8ms)
  Rendered /home/nyros/.rvm/gems/ruby-2.1.5/gems/actionpack-3.2.21/lib/action_dispatch/middleware/templates/rescues/diagnostics.erb within rescues/layout (6.8ms)
Connecting to database specified by database.yml
  [1m[36m (0.0ms)[0m  [1mselect sqlite_version(*)[0m
  [1m[35m (264.5ms)[0m  CREATE TABLE "schema_migrations" ("version" varchar(255) NOT NULL) 
  [1m[36m (86.5ms)[0m  [1mCREATE UNIQUE INDEX "unique_schema_migrations" ON "schema_migrations" ("version")[0m
  [1m[35m (0.1ms)[0m  SELECT "schema_migrations"."version" FROM "schema_migrations" 
Migrating to CreateStudentrecs (20150521051836)
  [1m[36m (0.1ms)[0m  [1mbegin transaction[0m
  [1m[35m (0.5ms)[0m  CREATE TABLE "studentrecs" ("id" INTEGER PRIMARY KEY AUTOINCREMENT NOT NULL, "name" varchar(255), "address" varchar(255), "gender" varchar(255), "group" varchar(255), "created_at" datetime NOT NULL, "updated_at" datetime NOT NULL, "image_file_name" varchar(255), "image_content_type" varchar(255), "image_file_size" integer, "image_updated_at" datetime, "birthday" date) 
  [1m[36m (0.1ms)[0m  [1mINSERT INTO "schema_migrations" ("version") VALUES ('20150521051836')[0m
  [1m[35m (100.3ms)[0m  commit transaction
  [1m[36m (0.1ms)[0m  [1mSELECT "schema_migrations"."version" FROM "schema_migrations" [0m


Started GET "/studentrecs" for 127.0.0.1 at 2015-05-21 12:08:12 +0530
Connecting to database specified by database.yml
Processing by StudentrecsController#index as HTML
  [1m[36mStudentrec Load (0.1ms)[0m  [1mSELECT "studentrecs".* FROM "studentrecs" [0m
  Rendered studentrecs/index.html.erb within layouts/application (1.6ms)
Compiled jquery-ui/theme.css  (57ms)  (pid 19537)
Compiled jquery-ui/core.css  (60ms)  (pid 19537)
Compiled jquery-ui/datepicker.css  (64ms)  (pid 19537)
Compiled style.css  (0ms)  (pid 19537)
Compiled default.css  (0ms)  (pid 19537)
Compiled bootstrap.min.css  (0ms)  (pid 19537)
Warning. Error encountered while saving cache /home/nyros/Desktop/student_reg_form/tmp/cache/sass/a5738001c7de9b38b6f0d9e648d5f1b2743f51f7/scaffolds.css.scssc: can't dump anonymous class #<Class:0xae79064>

Compiled scaffolds.css  (12ms)  (pid 19537)
Warning. Error encountered while saving cache /home/nyros/Desktop/student_reg_form/tmp/cache/sass/a5738001c7de9b38b6f0d9e648d5f1b2743f51f7/studentrecs.css.scssc: can't dump anonymous class #<Class:0xae79064>

Compiled studentrecs.css  (2ms)  (pid 19537)
Compiled application.css  (97ms)  (pid 19537)
Compiled jquery.js  (4ms)  (pid 19537)
Compiled jquery_ujs.js  (0ms)  (pid 19537)
Compiled script.js  (0ms)  (pid 19537)
Compiled bootstrap.min.js  (0ms)  (pid 19537)
Compiled jquery-ui/core.js  (0ms)  (pid 19537)
Compiled jquery-ui/datepicker.js  (4ms)  (pid 19537)
Compiled studentrecs.js  (188ms)  (pid 19537)
Compiled application.js  (219ms)  (pid 19537)
Completed 200 OK in 361.0ms (Views: 344.0ms | ActiveRecord: 1.1ms)


Started GET "/assets/jquery-ui/theme.css?body=1" for 127.0.0.1 at 2015-05-21 12:08:12 +0530
Served asset /jquery-ui/theme.css - 304 Not Modified (6ms)


Started GET "/assets/jquery-ui/core.css?body=1" for 127.0.0.1 at 2015-05-21 12:08:12 +0530
Served asset /jquery-ui/core.css - 304 Not Modified (39ms)


Started GET "/assets/jquery-ui/datepicker.css?body=1" for 127.0.0.1 at 2015-05-21 12:08:12 +0530
Served asset /jquery-ui/datepicker.css - 304 Not Modified (11ms)


Started GET "/assets/bootstrap.min.css?body=1" for 127.0.0.1 at 2015-05-21 12:08:12 +0530
Served asset /bootstrap.min.css - 304 Not Modified (8ms)


Started GET "/assets/default.css?body=1" for 127.0.0.1 at 2015-05-21 12:08:12 +0530
Served asset /default.css - 304 Not Modified (5ms)


Started GET "/assets/style.css?body=1" for 127.0.0.1 at 2015-05-21 12:08:12 +0530
Served asset /style.css - 304 Not Modified (4ms)


Started GET "/assets/application.css?body=1" for 127.0.0.1 at 2015-05-21 12:08:12 +0530
Served asset /application.css - 304 Not Modified (18ms)


Started GET "/assets/scaffolds.css?body=1" for 127.0.0.1 at 2015-05-21 12:08:12 +0530
Served asset /scaffolds.css - 304 Not Modified (2ms)


Started GET "/assets/studentrecs.css?body=1" for 127.0.0.1 at 2015-05-21 12:08:12 +0530
Served asset /studentrecs.css - 200 OK (1ms)


Started GET "/assets/jquery.js?body=1" for 127.0.0.1 at 2015-05-21 12:08:12 +0530
Served asset /jquery.js - 304 Not Modified (5ms)


Started GET "/assets/jquery_ujs.js?body=1" for 127.0.0.1 at 2015-05-21 12:08:12 +0530
Served asset /jquery_ujs.js - 304 Not Modified (7ms)


Started GET "/assets/script.js?body=1" for 127.0.0.1 at 2015-05-21 12:08:12 +0530
Served asset /script.js - 304 Not Modified (2ms)


Started GET "/assets/jquery-ui/core.js?body=1" for 127.0.0.1 at 2015-05-21 12:08:12 +0530
Served asset /jquery-ui/core.js - 304 Not Modified (5ms)


Started GET "/assets/bootstrap.min.js?body=1" for 127.0.0.1 at 2015-05-21 12:08:12 +0530
Served asset /bootstrap.min.js - 304 Not Modified (2ms)


Started GET "/assets/jquery-ui/datepicker.js?body=1" for 127.0.0.1 at 2015-05-21 12:08:12 +0530
Served asset /jquery-ui/datepicker.js - 304 Not Modified (4ms)


Started GET "/assets/studentrecs.js?body=1" for 127.0.0.1 at 2015-05-21 12:08:12 +0530
Served asset /studentrecs.js - 304 Not Modified (2ms)


Started GET "/assets/application.js?body=1" for 127.0.0.1 at 2015-05-21 12:08:12 +0530
Served asset /application.js - 304 Not Modified (8ms)


Started GET "/assets/1.jpg" for 127.0.0.1 at 2015-05-21 12:08:13 +0530
Served asset /1.jpg - 304 Not Modified (3ms)


Started GET "/img/logo.png" for 127.0.0.1 at 2015-05-21 12:08:13 +0530

ActionController::RoutingError (No route matches [GET] "/img/logo.png"):
  actionpack (3.2.21) lib/action_dispatch/middleware/debug_exceptions.rb:21:in `call'
  actionpack (3.2.21) lib/action_dispatch/middleware/show_exceptions.rb:56:in `call'
  railties (3.2.21) lib/rails/rack/logger.rb:32:in `call_app'
  railties (3.2.21) lib/rails/rack/logger.rb:16:in `block in call'
  activesupport (3.2.21) lib/active_support/tagged_logging.rb:22:in `tagged'
  railties (3.2.21) lib/rails/rack/logger.rb:16:in `call'
  actionpack (3.2.21) lib/action_dispatch/middleware/request_id.rb:22:in `call'
  rack (1.4.5) lib/rack/methodoverride.rb:21:in `call'
  rack (1.4.5) lib/rack/runtime.rb:17:in `call'
  activesupport (3.2.21) lib/active_support/cache/strategy/local_cache.rb:72:in `call'
  rack (1.4.5) lib/rack/lock.rb:15:in `call'
  actionpack (3.2.21) lib/action_dispatch/middleware/static.rb:83:in `call'
  railties (3.2.21) lib/rails/engine.rb:484:in `call'
  railties (3.2.21) lib/rails/application.rb:231:in `call'
  rack (1.4.5) lib/rack/content_length.rb:14:in `call'
  railties (3.2.21) lib/rails/rack/log_tailer.rb:17:in `call'
  rack (1.4.5) lib/rack/handler/webrick.rb:59:in `service'
  /home/nyros/.rvm/rubies/ruby-2.1.5/lib/ruby/2.1.0/webrick/httpserver.rb:138:in `service'
  /home/nyros/.rvm/rubies/ruby-2.1.5/lib/ruby/2.1.0/webrick/httpserver.rb:94:in `run'
  /home/nyros/.rvm/rubies/ruby-2.1.5/lib/ruby/2.1.0/webrick/server.rb:295:in `block in start_thread'


  Rendered /home/nyros/.rvm/gems/ruby-2.1.5/gems/actionpack-3.2.21/lib/action_dispatch/middleware/templates/rescues/routing_error.erb within rescues/layout (0.6ms)


Started GET "/studentrecs/new" for 127.0.0.1 at 2015-05-21 12:08:14 +0530
Processing by StudentrecsController#new as HTML
  Rendered studentrecs/_form.html.erb (8.5ms)
  Rendered studentrecs/new.html.erb within layouts/application (12.1ms)
Completed 200 OK in 37.6ms (Views: 20.2ms | ActiveRecord: 0.0ms)


Started GET "/assets/jquery-ui/theme.css?body=1" for 127.0.0.1 at 2015-05-21 12:08:14 +0530
Served asset /jquery-ui/theme.css - 304 Not Modified (8ms)


Started GET "/assets/jquery-ui/core.css?body=1" for 127.0.0.1 at 2015-05-21 12:08:14 +0530
Served asset /jquery-ui/core.css - 304 Not Modified (0ms)


Started GET "/assets/application.css?body=1" for 127.0.0.1 at 2015-05-21 12:08:14 +0530
Served asset /application.css - 304 Not Modified (2ms)


Started GET "/assets/style.css?body=1" for 127.0.0.1 at 2015-05-21 12:08:14 +0530
Served asset /style.css - 304 Not Modified (0ms)


Started GET "/assets/jquery-ui/datepicker.css?body=1" for 127.0.0.1 at 2015-05-21 12:08:14 +0530
Served asset /jquery-ui/datepicker.css - 304 Not Modified (2ms)


Started GET "/assets/default.css?body=1" for 127.0.0.1 at 2015-05-21 12:08:14 +0530
Served asset /default.css - 304 Not Modified (0ms)


Started GET "/assets/bootstrap.min.css?body=1" for 127.0.0.1 at 2015-05-21 12:08:14 +0530
Served asset /bootstrap.min.css - 304 Not Modified (2ms)


Started GET "/assets/scaffolds.css?body=1" for 127.0.0.1 at 2015-05-21 12:08:14 +0530
Served asset /scaffolds.css - 304 Not Modified (2ms)


Started GET "/assets/jquery.js?body=1" for 127.0.0.1 at 2015-05-21 12:08:14 +0530
Served asset /jquery.js - 304 Not Modified (3ms)


Started GET "/assets/jquery_ujs.js?body=1" for 127.0.0.1 at 2015-05-21 12:08:14 +0530
Served asset /jquery_ujs.js - 304 Not Modified (0ms)


Started GET "/assets/script.js?body=1" for 127.0.0.1 at 2015-05-21 12:08:14 +0530
Served asset /script.js - 304 Not Modified (0ms)


Started GET "/assets/bootstrap.min.js?body=1" for 127.0.0.1 at 2015-05-21 12:08:14 +0530
Served asset /bootstrap.min.js - 304 Not Modified (0ms)


Started GET "/assets/jquery-ui/core.js?body=1" for 127.0.0.1 at 2015-05-21 12:08:14 +0530
Served asset /jquery-ui/core.js - 304 Not Modified (0ms)


Started GET "/assets/jquery-ui/datepicker.js?body=1" for 127.0.0.1 at 2015-05-21 12:08:14 +0530
Served asset /jquery-ui/datepicker.js - 304 Not Modified (0ms)


Started GET "/assets/studentrecs.js?body=1" for 127.0.0.1 at 2015-05-21 12:08:14 +0530
Served asset /studentrecs.js - 304 Not Modified (0ms)


Started GET "/assets/application.js?body=1" for 127.0.0.1 at 2015-05-21 12:08:14 +0530
Served asset /application.js - 304 Not Modified (1ms)


Started GET "/img/logo.png" for 127.0.0.1 at 2015-05-21 12:08:14 +0530

ActionController::RoutingError (No route matches [GET] "/img/logo.png"):
  actionpack (3.2.21) lib/action_dispatch/middleware/debug_exceptions.rb:21:in `call'
  actionpack (3.2.21) lib/action_dispatch/middleware/show_exceptions.rb:56:in `call'
  railties (3.2.21) lib/rails/rack/logger.rb:32:in `call_app'
  railties (3.2.21) lib/rails/rack/logger.rb:16:in `block in call'
  activesupport (3.2.21) lib/active_support/tagged_logging.rb:22:in `tagged'
  railties (3.2.21) lib/rails/rack/logger.rb:16:in `call'
  actionpack (3.2.21) lib/action_dispatch/middleware/request_id.rb:22:in `call'
  rack (1.4.5) lib/rack/methodoverride.rb:21:in `call'
  rack (1.4.5) lib/rack/runtime.rb:17:in `call'
  activesupport (3.2.21) lib/active_support/cache/strategy/local_cache.rb:72:in `call'
  rack (1.4.5) lib/rack/lock.rb:15:in `call'
  actionpack (3.2.21) lib/action_dispatch/middleware/static.rb:83:in `call'
  railties (3.2.21) lib/rails/engine.rb:484:in `call'
  railties (3.2.21) lib/rails/application.rb:231:in `call'
  rack (1.4.5) lib/rack/content_length.rb:14:in `call'
  railties (3.2.21) lib/rails/rack/log_tailer.rb:17:in `call'
  rack (1.4.5) lib/rack/handler/webrick.rb:59:in `service'
  /home/nyros/.rvm/rubies/ruby-2.1.5/lib/ruby/2.1.0/webrick/httpserver.rb:138:in `service'
  /home/nyros/.rvm/rubies/ruby-2.1.5/lib/ruby/2.1.0/webrick/httpserver.rb:94:in `run'
  /home/nyros/.rvm/rubies/ruby-2.1.5/lib/ruby/2.1.0/webrick/server.rb:295:in `block in start_thread'


  Rendered /home/nyros/.rvm/gems/ruby-2.1.5/gems/actionpack-3.2.21/lib/action_dispatch/middleware/templates/rescues/routing_error.erb within rescues/layout (0.6ms)


Started GET "/img/h1.png" for 127.0.0.1 at 2015-05-21 12:08:14 +0530

ActionController::RoutingError (No route matches [GET] "/img/h1.png"):
  actionpack (3.2.21) lib/action_dispatch/middleware/debug_exceptions.rb:21:in `call'
  actionpack (3.2.21) lib/action_dispatch/middleware/show_exceptions.rb:56:in `call'
  railties (3.2.21) lib/rails/rack/logger.rb:32:in `call_app'
  railties (3.2.21) lib/rails/rack/logger.rb:16:in `block in call'
  activesupport (3.2.21) lib/active_support/tagged_logging.rb:22:in `tagged'
  railties (3.2.21) lib/rails/rack/logger.rb:16:in `call'
  actionpack (3.2.21) lib/action_dispatch/middleware/request_id.rb:22:in `call'
  rack (1.4.5) lib/rack/methodoverride.rb:21:in `call'
  rack (1.4.5) lib/rack/runtime.rb:17:in `call'
  activesupport (3.2.21) lib/active_support/cache/strategy/local_cache.rb:72:in `call'
  rack (1.4.5) lib/rack/lock.rb:15:in `call'
  actionpack (3.2.21) lib/action_dispatch/middleware/static.rb:83:in `call'
  railties (3.2.21) lib/rails/engine.rb:484:in `call'
  railties (3.2.21) lib/rails/application.rb:231:in `call'
  rack (1.4.5) lib/rack/content_length.rb:14:in `call'
  railties (3.2.21) lib/rails/rack/log_tailer.rb:17:in `call'
  rack (1.4.5) lib/rack/handler/webrick.rb:59:in `service'
  /home/nyros/.rvm/rubies/ruby-2.1.5/lib/ruby/2.1.0/webrick/httpserver.rb:138:in `service'
  /home/nyros/.rvm/rubies/ruby-2.1.5/lib/ruby/2.1.0/webrick/httpserver.rb:94:in `run'
  /home/nyros/.rvm/rubies/ruby-2.1.5/lib/ruby/2.1.0/webrick/server.rb:295:in `block in start_thread'


  Rendered /home/nyros/.rvm/gems/ruby-2.1.5/gems/actionpack-3.2.21/lib/action_dispatch/middleware/templates/rescues/routing_error.erb within rescues/layout (0.5ms)


Started GET "/assets/jquery-ui/ui-bg_flat_75_ffffff_40x100.png" for 127.0.0.1 at 2015-05-21 12:08:14 +0530
Served asset /jquery-ui/ui-bg_flat_75_ffffff_40x100.png - 304 Not Modified (7ms)


Started GET "/assets/jquery-ui/ui-bg_highlight-soft_75_cccccc_1x100.png" for 127.0.0.1 at 2015-05-21 12:08:17 +0530
Served asset /jquery-ui/ui-bg_highlight-soft_75_cccccc_1x100.png - 304 Not Modified (9ms)


Started GET "/assets/jquery-ui/ui-icons_222222_256x240.png" for 127.0.0.1 at 2015-05-21 12:08:17 +0530
Served asset /jquery-ui/ui-icons_222222_256x240.png - 304 Not Modified (2ms)


Started GET "/assets/jquery-ui/ui-bg_glass_75_e6e6e6_1x400.png" for 127.0.0.1 at 2015-05-21 12:08:17 +0530
Served asset /jquery-ui/ui-bg_glass_75_e6e6e6_1x400.png - 304 Not Modified (2ms)


Started GET "/assets/jquery-ui/ui-bg_glass_55_fbf9ee_1x400.png" for 127.0.0.1 at 2015-05-21 12:08:17 +0530
Served asset /jquery-ui/ui-bg_glass_55_fbf9ee_1x400.png - 304 Not Modified (4ms)


Started GET "/assets/jquery-ui/ui-bg_glass_75_dadada_1x400.png" for 127.0.0.1 at 2015-05-21 12:08:17 +0530
Served asset /jquery-ui/ui-bg_glass_75_dadada_1x400.png - 304 Not Modified (2ms)


Started POST "/studentrecs" for 127.0.0.1 at 2015-05-21 12:08:22 +0530
Processing by StudentrecsController#create as HTML
  Parameters: {"utf8"=>"✓", "authenticity_token"=>"0s8rp6jix4BQcvBztWjgc/Rhmu6BAOm2lgBD/mudwAk=", "studentrec"=>{"name"=>"fds", "address"=>"gsfgsfdg", "birthday"=>"24-05-2015", "gender"=>"male", "image"=>#<ActionDispatch::Http::UploadedFile:0xb4173a40 @original_filename="photo.jpg", @content_type="image/jpeg", @headers="Content-Disposition: form-data; name=\"studentrec[image]\"; filename=\"photo.jpg\"\r\nContent-Type: image/jpeg\r\n", @tempfile=#<Tempfile:/tmp/RackMultipart20150521-19537-1jq5ey0>>}, "commit"=>"Submit"}
Command :: file -b --mime '/tmp/5ae0c1c8a5260bc7b6648f6fbd115c3520150521-19537-14f36mk.jpg'
  [1m[35m (0.1ms)[0m  begin transaction
Command :: file -b --mime '/tmp/5ae0c1c8a5260bc7b6648f6fbd115c3520150521-19537-198rlw2.jpg'
Binary data inserted for `string` type on column `image_content_type`
  [1m[36mSQL (3.7ms)[0m  [1mINSERT INTO "studentrecs" ("address", "birthday", "created_at", "gender", "group", "image_content_type", "image_file_name", "image_file_size", "image_updated_at", "name", "updated_at") VALUES (?, ?, ?, ?, ?, ?, ?, ?, ?, ?, ?)[0m  [["address", "gsfgsfdg"], ["birthday", Sun, 24 May 2015], ["created_at", Thu, 21 May 2015 06:38:22 UTC +00:00], ["gender", "male"], ["group", nil], ["image_content_type", "image/jpeg"], ["image_file_name", "photo.jpg"], ["image_file_size", 42842], ["image_updated_at", Thu, 21 May 2015 06:38:22 UTC +00:00], ["name", "fds"], ["updated_at", Thu, 21 May 2015 06:38:22 UTC +00:00]]
  [1m[35m (437.3ms)[0m  commit transaction
Redirected to http://localhost:3000/studentrecs/1
Completed 302 Found in 461.9ms (ActiveRecord: 441.1ms)


Started GET "/studentrecs/1" for 127.0.0.1 at 2015-05-21 12:08:22 +0530
Processing by StudentrecsController#show as HTML
  Parameters: {"id"=>"1"}
  [1m[36mStudentrec Load (0.2ms)[0m  [1mSELECT "studentrecs".* FROM "studentrecs" WHERE "studentrecs"."id" = ? LIMIT 1[0m  [["id", "1"]]
  Rendered studentrecs/show.html.erb within layouts/application (3.1ms)
Completed 200 OK in 12.7ms (Views: 10.6ms | ActiveRecord: 0.2ms)


Started GET "/assets/jquery-ui/theme.css?body=1" for 127.0.0.1 at 2015-05-21 12:08:22 +0530
Served asset /jquery-ui/theme.css - 304 Not Modified (0ms)


Started GET "/assets/jquery-ui/core.css?body=1" for 127.0.0.1 at 2015-05-21 12:08:22 +0530
Served asset /jquery-ui/core.css - 304 Not Modified (0ms)


Started GET "/assets/jquery-ui/datepicker.css?body=1" for 127.0.0.1 at 2015-05-21 12:08:22 +0530
Served asset /jquery-ui/datepicker.css - 304 Not Modified (0ms)


Started GET "/assets/application.css?body=1" for 127.0.0.1 at 2015-05-21 12:08:22 +0530
Served asset /application.css - 304 Not Modified (9ms)


Started GET "/assets/style.css?body=1" for 127.0.0.1 at 2015-05-21 12:08:22 +0530
Served asset /style.css - 304 Not Modified (0ms)


Started GET "/assets/default.css?body=1" for 127.0.0.1 at 2015-05-21 12:08:22 +0530
Served asset /default.css - 304 Not Modified (0ms)


Started GET "/assets/bootstrap.min.css?body=1" for 127.0.0.1 at 2015-05-21 12:08:22 +0530
Served asset /bootstrap.min.css - 304 Not Modified (0ms)


Started GET "/assets/scaffolds.css?body=1" for 127.0.0.1 at 2015-05-21 12:08:22 +0530
Served asset /scaffolds.css - 304 Not Modified (0ms)


Started GET "/assets/jquery.js?body=1" for 127.0.0.1 at 2015-05-21 12:08:22 +0530
Served asset /jquery.js - 304 Not Modified (11ms)


Started GET "/assets/bootstrap.min.js?body=1" for 127.0.0.1 at 2015-05-21 12:08:22 +0530
Served asset /bootstrap.min.js - 304 Not Modified (0ms)


Started GET "/assets/script.js?body=1" for 127.0.0.1 at 2015-05-21 12:08:22 +0530
Served asset /script.js - 304 Not Modified (0ms)


Started GET "/assets/jquery-ui/core.js?body=1" for 127.0.0.1 at 2015-05-21 12:08:22 +0530
Served asset /jquery-ui/core.js - 304 Not Modified (0ms)


Started GET "/assets/jquery_ujs.js?body=1" for 127.0.0.1 at 2015-05-21 12:08:22 +0530
Served asset /jquery_ujs.js - 304 Not Modified (2ms)


Started GET "/assets/jquery-ui/datepicker.js?body=1" for 127.0.0.1 at 2015-05-21 12:08:22 +0530
Served asset /jquery-ui/datepicker.js - 304 Not Modified (0ms)


Started GET "/assets/studentrecs.js?body=1" for 127.0.0.1 at 2015-05-21 12:08:22 +0530
Served asset /studentrecs.js - 304 Not Modified (0ms)


Started GET "/assets/application.js?body=1" for 127.0.0.1 at 2015-05-21 12:08:22 +0530
Served asset /application.js - 304 Not Modified (2ms)


Started GET "/studentrecs" for 127.0.0.1 at 2015-05-21 12:08:25 +0530
Processing by StudentrecsController#index as HTML
  [1m[35mStudentrec Load (0.2ms)[0m  SELECT "studentrecs".* FROM "studentrecs" 
  Rendered studentrecs/index.html.erb within layouts/application (4.4ms)
Completed 200 OK in 17.9ms (Views: 16.0ms | ActiveRecord: 0.2ms)


Started GET "/assets/jquery-ui/theme.css?body=1" for 127.0.0.1 at 2015-05-21 12:08:25 +0530
Served asset /jquery-ui/theme.css - 304 Not Modified (9ms)


Started GET "/assets/jquery-ui/datepicker.css?body=1" for 127.0.0.1 at 2015-05-21 12:08:25 +0530
Served asset /jquery-ui/datepicker.css - 304 Not Modified (0ms)


Started GET "/assets/application.css?body=1" for 127.0.0.1 at 2015-05-21 12:08:25 +0530
Served asset /application.css - 304 Not Modified (3ms)


Started GET "/assets/default.css?body=1" for 127.0.0.1 at 2015-05-21 12:08:25 +0530
Served asset /default.css - 304 Not Modified (0ms)


Started GET "/assets/style.css?body=1" for 127.0.0.1 at 2015-05-21 12:08:25 +0530
Served asset /style.css - 304 Not Modified (22ms)


Started GET "/assets/jquery-ui/core.css?body=1" for 127.0.0.1 at 2015-05-21 12:08:25 +0530
Served asset /jquery-ui/core.css - 304 Not Modified (0ms)


Started GET "/assets/bootstrap.min.css?body=1" for 127.0.0.1 at 2015-05-21 12:08:25 +0530
Served asset /bootstrap.min.css - 304 Not Modified (2ms)


Started GET "/assets/scaffolds.css?body=1" for 127.0.0.1 at 2015-05-21 12:08:25 +0530
Served asset /scaffolds.css - 304 Not Modified (0ms)


Started GET "/assets/jquery.js?body=1" for 127.0.0.1 at 2015-05-21 12:08:25 +0530
Served asset /jquery.js - 304 Not Modified (6ms)


Started GET "/assets/jquery_ujs.js?body=1" for 127.0.0.1 at 2015-05-21 12:08:25 +0530
Served asset /jquery_ujs.js - 304 Not Modified (0ms)


Started GET "/assets/script.js?body=1" for 127.0.0.1 at 2015-05-21 12:08:25 +0530
Served asset /script.js - 304 Not Modified (0ms)


Started GET "/assets/bootstrap.min.js?body=1" for 127.0.0.1 at 2015-05-21 12:08:25 +0530
Served asset /bootstrap.min.js - 304 Not Modified (0ms)


Started GET "/assets/jquery-ui/datepicker.js?body=1" for 127.0.0.1 at 2015-05-21 12:08:25 +0530
Served asset /jquery-ui/datepicker.js - 304 Not Modified (0ms)


Started GET "/assets/jquery-ui/core.js?body=1" for 127.0.0.1 at 2015-05-21 12:08:25 +0530
Served asset /jquery-ui/core.js - 304 Not Modified (0ms)


Started GET "/assets/studentrecs.js?body=1" for 127.0.0.1 at 2015-05-21 12:08:25 +0530
Served asset /studentrecs.js - 304 Not Modified (0ms)


Started GET "/assets/application.js?body=1" for 127.0.0.1 at 2015-05-21 12:08:25 +0530
Served asset /application.js - 304 Not Modified (1ms)


Started GET "/img/logo.png" for 127.0.0.1 at 2015-05-21 12:08:25 +0530

ActionController::RoutingError (No route matches [GET] "/img/logo.png"):
  actionpack (3.2.21) lib/action_dispatch/middleware/debug_exceptions.rb:21:in `call'
  actionpack (3.2.21) lib/action_dispatch/middleware/show_exceptions.rb:56:in `call'
  railties (3.2.21) lib/rails/rack/logger.rb:32:in `call_app'
  railties (3.2.21) lib/rails/rack/logger.rb:16:in `block in call'
  activesupport (3.2.21) lib/active_support/tagged_logging.rb:22:in `tagged'
  railties (3.2.21) lib/rails/rack/logger.rb:16:in `call'
  actionpack (3.2.21) lib/action_dispatch/middleware/request_id.rb:22:in `call'
  rack (1.4.5) lib/rack/methodoverride.rb:21:in `call'
  rack (1.4.5) lib/rack/runtime.rb:17:in `call'
  activesupport (3.2.21) lib/active_support/cache/strategy/local_cache.rb:72:in `call'
  rack (1.4.5) lib/rack/lock.rb:15:in `call'
  actionpack (3.2.21) lib/action_dispatch/middleware/static.rb:83:in `call'
  railties (3.2.21) lib/rails/engine.rb:484:in `call'
  railties (3.2.21) lib/rails/application.rb:231:in `call'
  rack (1.4.5) lib/rack/content_length.rb:14:in `call'
  railties (3.2.21) lib/rails/rack/log_tailer.rb:17:in `call'
  rack (1.4.5) lib/rack/handler/webrick.rb:59:in `service'
  /home/nyros/.rvm/rubies/ruby-2.1.5/lib/ruby/2.1.0/webrick/httpserver.rb:138:in `service'
  /home/nyros/.rvm/rubies/ruby-2.1.5/lib/ruby/2.1.0/webrick/httpserver.rb:94:in `run'
  /home/nyros/.rvm/rubies/ruby-2.1.5/lib/ruby/2.1.0/webrick/server.rb:295:in `block in start_thread'


  Rendered /home/nyros/.rvm/gems/ruby-2.1.5/gems/actionpack-3.2.21/lib/action_dispatch/middleware/templates/rescues/routing_error.erb within rescues/layout (2.7ms)


Started GET "/studentrecs" for 127.0.0.1 at 2015-05-21 12:25:18 +0530
Connecting to database specified by database.yml
Processing by StudentrecsController#index as HTML
  [1m[36mStudentrec Load (0.1ms)[0m  [1mSELECT "studentrecs".* FROM "studentrecs" [0m
  Rendered studentrecs/index.html.erb within layouts/application (6.7ms)
Compiled jquery-ui/theme.css  (52ms)  (pid 20499)
Compiled jquery-ui/core.css  (55ms)  (pid 20499)
Compiled jquery-ui/datepicker.css  (59ms)  (pid 20499)
Compiled style.css  (0ms)  (pid 20499)
Compiled default.css  (0ms)  (pid 20499)
Compiled bootstrap.min.css  (0ms)  (pid 20499)
Warning. Error encountered while saving cache /home/nyros/Desktop/student_reg_form/tmp/cache/sass/a5738001c7de9b38b6f0d9e648d5f1b2743f51f7/scaffolds.css.scssc: can't dump anonymous class #<Class:0x92377e8>

Compiled scaffolds.css  (12ms)  (pid 20499)
Warning. Error encountered while saving cache /home/nyros/Desktop/student_reg_form/tmp/cache/sass/a5738001c7de9b38b6f0d9e648d5f1b2743f51f7/studentrecs.css.scssc: can't dump anonymous class #<Class:0x92377e8>

Compiled studentrecs.css  (2ms)  (pid 20499)
Compiled application.css  (89ms)  (pid 20499)
Compiled jquery.js  (4ms)  (pid 20499)
Compiled jquery_ujs.js  (0ms)  (pid 20499)
Compiled script.js  (0ms)  (pid 20499)
Compiled bootstrap.min.js  (0ms)  (pid 20499)
Compiled jquery-ui/core.js  (0ms)  (pid 20499)
Compiled jquery-ui/datepicker.js  (4ms)  (pid 20499)
Compiled studentrecs.js  (195ms)  (pid 20499)
Compiled application.js  (223ms)  (pid 20499)
Completed 200 OK in 367.8ms (Views: 346.8ms | ActiveRecord: 1.1ms)


Started GET "/assets/jquery-ui/theme.css?body=1" for 127.0.0.1 at 2015-05-21 12:25:18 +0530
Served asset /jquery-ui/theme.css - 304 Not Modified (13ms)


Started GET "/assets/jquery-ui/core.css?body=1" for 127.0.0.1 at 2015-05-21 12:25:18 +0530
Served asset /jquery-ui/core.css - 304 Not Modified (6ms)


Started GET "/assets/default.css?body=1" for 127.0.0.1 at 2015-05-21 12:25:18 +0530
Served asset /default.css - 304 Not Modified (5ms)


Started GET "/assets/jquery-ui/datepicker.css?body=1" for 127.0.0.1 at 2015-05-21 12:25:18 +0530
Served asset /jquery-ui/datepicker.css - 304 Not Modified (8ms)


Started GET "/assets/style.css?body=1" for 127.0.0.1 at 2015-05-21 12:25:18 +0530
Served asset /style.css - 304 Not Modified (2ms)


Started GET "/assets/bootstrap.min.css?body=1" for 127.0.0.1 at 2015-05-21 12:25:18 +0530
Served asset /bootstrap.min.css - 200 OK (6ms)


Started GET "/assets/scaffolds.css?body=1" for 127.0.0.1 at 2015-05-21 12:25:18 +0530
Served asset /scaffolds.css - 304 Not Modified (3ms)


Started GET "/assets/studentrecs.css?body=1" for 127.0.0.1 at 2015-05-21 12:25:18 +0530
Served asset /studentrecs.css - 304 Not Modified (8ms)


Started GET "/assets/jquery.js?body=1" for 127.0.0.1 at 2015-05-21 12:25:18 +0530
Served asset /jquery.js - 304 Not Modified (17ms)


Started GET "/assets/jquery_ujs.js?body=1" for 127.0.0.1 at 2015-05-21 12:25:18 +0530
Served asset /jquery_ujs.js - 304 Not Modified (4ms)


Started GET "/assets/script.js?body=1" for 127.0.0.1 at 2015-05-21 12:25:18 +0530
Served asset /script.js - 304 Not Modified (4ms)


Started GET "/assets/jquery-ui/core.js?body=1" for 127.0.0.1 at 2015-05-21 12:25:18 +0530
Served asset /jquery-ui/core.js - 304 Not Modified (2ms)


Started GET "/assets/bootstrap.min.js?body=1" for 127.0.0.1 at 2015-05-21 12:25:18 +0530
Served asset /bootstrap.min.js - 304 Not Modified (2ms)


Started GET "/assets/jquery-ui/datepicker.js?body=1" for 127.0.0.1 at 2015-05-21 12:25:18 +0530
Served asset /jquery-ui/datepicker.js - 304 Not Modified (5ms)


Started GET "/assets/studentrecs.js?body=1" for 127.0.0.1 at 2015-05-21 12:25:18 +0530
Served asset /studentrecs.js - 304 Not Modified (2ms)


Started GET "/img/logo.png" for 127.0.0.1 at 2015-05-21 12:25:18 +0530

ActionController::RoutingError (No route matches [GET] "/img/logo.png"):
  actionpack (3.2.21) lib/action_dispatch/middleware/debug_exceptions.rb:21:in `call'
  actionpack (3.2.21) lib/action_dispatch/middleware/show_exceptions.rb:56:in `call'
  railties (3.2.21) lib/rails/rack/logger.rb:32:in `call_app'
  railties (3.2.21) lib/rails/rack/logger.rb:16:in `block in call'
  activesupport (3.2.21) lib/active_support/tagged_logging.rb:22:in `tagged'
  railties (3.2.21) lib/rails/rack/logger.rb:16:in `call'
  actionpack (3.2.21) lib/action_dispatch/middleware/request_id.rb:22:in `call'
  rack (1.4.5) lib/rack/methodoverride.rb:21:in `call'
  rack (1.4.5) lib/rack/runtime.rb:17:in `call'
  activesupport (3.2.21) lib/active_support/cache/strategy/local_cache.rb:72:in `call'
  rack (1.4.5) lib/rack/lock.rb:15:in `call'
  actionpack (3.2.21) lib/action_dispatch/middleware/static.rb:83:in `call'
  railties (3.2.21) lib/rails/engine.rb:484:in `call'
  railties (3.2.21) lib/rails/application.rb:231:in `call'
  rack (1.4.5) lib/rack/content_length.rb:14:in `call'
  railties (3.2.21) lib/rails/rack/log_tailer.rb:17:in `call'
  rack (1.4.5) lib/rack/handler/webrick.rb:59:in `service'
  /home/nyros/.rvm/rubies/ruby-2.1.5/lib/ruby/2.1.0/webrick/httpserver.rb:138:in `service'
  /home/nyros/.rvm/rubies/ruby-2.1.5/lib/ruby/2.1.0/webrick/httpserver.rb:94:in `run'
  /home/nyros/.rvm/rubies/ruby-2.1.5/lib/ruby/2.1.0/webrick/server.rb:295:in `block in start_thread'


  Rendered /home/nyros/.rvm/gems/ruby-2.1.5/gems/actionpack-3.2.21/lib/action_dispatch/middleware/templates/rescues/routing_error.erb within rescues/layout (0.9ms)


Started GET "/studentrecs/new" for 127.0.0.1 at 2015-05-21 12:25:20 +0530
Processing by StudentrecsController#new as HTML
  Rendered studentrecs/_form.html.erb (7.0ms)
  Rendered studentrecs/new.html.erb within layouts/application (10.9ms)
Completed 200 OK in 20.8ms (Views: 20.2ms | ActiveRecord: 0.0ms)


Started GET "/assets/jquery-ui/core.css?body=1" for 127.0.0.1 at 2015-05-21 12:25:20 +0530
Served asset /jquery-ui/core.css - 304 Not Modified (0ms)


Started GET "/assets/jquery-ui/theme.css?body=1" for 127.0.0.1 at 2015-05-21 12:25:20 +0530
Served asset /jquery-ui/theme.css - 304 Not Modified (0ms)


Started GET "/assets/jquery-ui/datepicker.css?body=1" for 127.0.0.1 at 2015-05-21 12:25:20 +0530
Served asset /jquery-ui/datepicker.css - 304 Not Modified (0ms)


Started GET "/assets/scaffolds.css?body=1" for 127.0.0.1 at 2015-05-21 12:25:20 +0530
Served asset /scaffolds.css - 304 Not Modified (0ms)


Started GET "/assets/default.css?body=1" for 127.0.0.1 at 2015-05-21 12:25:20 +0530
Served asset /default.css - 304 Not Modified (3ms)


Started GET "/assets/style.css?body=1" for 127.0.0.1 at 2015-05-21 12:25:20 +0530
Served asset /style.css - 304 Not Modified (1ms)


Started GET "/assets/studentrecs.css?body=1" for 127.0.0.1 at 2015-05-21 12:25:20 +0530
Served asset /studentrecs.css - 304 Not Modified (1ms)


Started GET "/assets/jquery.js?body=1" for 127.0.0.1 at 2015-05-21 12:25:20 +0530
Served asset /jquery.js - 304 Not Modified (2ms)


Started GET "/assets/jquery_ujs.js?body=1" for 127.0.0.1 at 2015-05-21 12:25:20 +0530
Served asset /jquery_ujs.js - 304 Not Modified (1ms)


Started GET "/assets/script.js?body=1" for 127.0.0.1 at 2015-05-21 12:25:20 +0530
Served asset /script.js - 304 Not Modified (0ms)


Started GET "/assets/bootstrap.min.js?body=1" for 127.0.0.1 at 2015-05-21 12:25:20 +0530
Served asset /bootstrap.min.js - 304 Not Modified (0ms)


Started GET "/assets/jquery-ui/core.js?body=1" for 127.0.0.1 at 2015-05-21 12:25:20 +0530
Served asset /jquery-ui/core.js - 304 Not Modified (0ms)


Started GET "/assets/jquery-ui/datepicker.js?body=1" for 127.0.0.1 at 2015-05-21 12:25:20 +0530
Served asset /jquery-ui/datepicker.js - 304 Not Modified (0ms)


Started GET "/assets/studentrecs.js?body=1" for 127.0.0.1 at 2015-05-21 12:25:20 +0530
Served asset /studentrecs.js - 304 Not Modified (0ms)


Started GET "/img/logo.png" for 127.0.0.1 at 2015-05-21 12:25:20 +0530

ActionController::RoutingError (No route matches [GET] "/img/logo.png"):
  actionpack (3.2.21) lib/action_dispatch/middleware/debug_exceptions.rb:21:in `call'
  actionpack (3.2.21) lib/action_dispatch/middleware/show_exceptions.rb:56:in `call'
  railties (3.2.21) lib/rails/rack/logger.rb:32:in `call_app'
  railties (3.2.21) lib/rails/rack/logger.rb:16:in `block in call'
  activesupport (3.2.21) lib/active_support/tagged_logging.rb:22:in `tagged'
  railties (3.2.21) lib/rails/rack/logger.rb:16:in `call'
  actionpack (3.2.21) lib/action_dispatch/middleware/request_id.rb:22:in `call'
  rack (1.4.5) lib/rack/methodoverride.rb:21:in `call'
  rack (1.4.5) lib/rack/runtime.rb:17:in `call'
  activesupport (3.2.21) lib/active_support/cache/strategy/local_cache.rb:72:in `call'
  rack (1.4.5) lib/rack/lock.rb:15:in `call'
  actionpack (3.2.21) lib/action_dispatch/middleware/static.rb:83:in `call'
  railties (3.2.21) lib/rails/engine.rb:484:in `call'
  railties (3.2.21) lib/rails/application.rb:231:in `call'
  rack (1.4.5) lib/rack/content_length.rb:14:in `call'
  railties (3.2.21) lib/rails/rack/log_tailer.rb:17:in `call'
  rack (1.4.5) lib/rack/handler/webrick.rb:59:in `service'
  /home/nyros/.rvm/rubies/ruby-2.1.5/lib/ruby/2.1.0/webrick/httpserver.rb:138:in `service'
  /home/nyros/.rvm/rubies/ruby-2.1.5/lib/ruby/2.1.0/webrick/httpserver.rb:94:in `run'
  /home/nyros/.rvm/rubies/ruby-2.1.5/lib/ruby/2.1.0/webrick/server.rb:295:in `block in start_thread'


  Rendered /home/nyros/.rvm/gems/ruby-2.1.5/gems/actionpack-3.2.21/lib/action_dispatch/middleware/templates/rescues/routing_error.erb within rescues/layout (0.5ms)


Started GET "/studentrecs" for 127.0.0.1 at 2015-05-21 12:49:37 +0530
Connecting to database specified by database.yml
Processing by StudentrecsController#index as HTML
  [1m[36mStudentrec Load (0.1ms)[0m  [1mSELECT "studentrecs".* FROM "studentrecs" [0m
  Rendered studentrecs/index.html.erb within layouts/application (2.9ms)
Compiled jquery-ui/theme.css  (53ms)  (pid 21832)
Compiled jquery-ui/core.css  (56ms)  (pid 21832)
Compiled jquery-ui/datepicker.css  (60ms)  (pid 21832)
Compiled style.css  (0ms)  (pid 21832)
Compiled default.css  (0ms)  (pid 21832)
Compiled bootstrap.min.css  (0ms)  (pid 21832)
Warning. Error encountered while saving cache /home/nyros/Desktop/student_reg_form/tmp/cache/sass/a5738001c7de9b38b6f0d9e648d5f1b2743f51f7/scaffolds.css.scssc: can't dump anonymous class #<Class:0xa52ef7c>

Compiled scaffolds.css  (12ms)  (pid 21832)
Warning. Error encountered while saving cache /home/nyros/Desktop/student_reg_form/tmp/cache/sass/a5738001c7de9b38b6f0d9e648d5f1b2743f51f7/studentrecs.css.scssc: can't dump anonymous class #<Class:0xa52ef7c>

Compiled studentrecs.css  (2ms)  (pid 21832)
Compiled application.css  (91ms)  (pid 21832)
Compiled jquery.js  (4ms)  (pid 21832)
Compiled jquery_ujs.js  (0ms)  (pid 21832)
Compiled script.js  (0ms)  (pid 21832)
Compiled bootstrap.min.js  (0ms)  (pid 21832)
Compiled jquery-ui/core.js  (0ms)  (pid 21832)
Compiled jquery-ui/datepicker.js  (4ms)  (pid 21832)
Compiled studentrecs.js  (198ms)  (pid 21832)
Compiled application.js  (226ms)  (pid 21832)
Completed 200 OK in 371.2ms (Views: 346.4ms | ActiveRecord: 1.1ms)


Started GET "/assets/jquery-ui/theme.css?body=1" for 127.0.0.1 at 2015-05-21 12:49:37 +0530
Served asset /jquery-ui/theme.css - 304 Not Modified (9ms)


Started GET "/assets/jquery-ui/core.css?body=1" for 127.0.0.1 at 2015-05-21 12:49:37 +0530
Served asset /jquery-ui/core.css - 304 Not Modified (6ms)


Started GET "/assets/jquery-ui/datepicker.css?body=1" for 127.0.0.1 at 2015-05-21 12:49:37 +0530
Served asset /jquery-ui/datepicker.css - 304 Not Modified (8ms)


Started GET "/assets/style.css?body=1" for 127.0.0.1 at 2015-05-21 12:49:37 +0530
Served asset /style.css - 304 Not Modified (2ms)


Started GET "/assets/default.css?body=1" for 127.0.0.1 at 2015-05-21 12:49:37 +0530
Served asset /default.css - 304 Not Modified (1ms)


Started GET "/assets/bootstrap.min.css?body=1" for 127.0.0.1 at 2015-05-21 12:49:37 +0530
Served asset /bootstrap.min.css - 304 Not Modified (5ms)


Started GET "/assets/scaffolds.css?body=1" for 127.0.0.1 at 2015-05-21 12:49:38 +0530
Served asset /scaffolds.css - 304 Not Modified (6ms)


Started GET "/assets/studentrecs.css?body=1" for 127.0.0.1 at 2015-05-21 12:49:38 +0530
Served asset /studentrecs.css - 304 Not Modified (18ms)


Started GET "/assets/jquery.js?body=1" for 127.0.0.1 at 2015-05-21 12:49:38 +0530
Served asset /jquery.js - 304 Not Modified (4ms)


Started GET "/assets/jquery_ujs.js?body=1" for 127.0.0.1 at 2015-05-21 12:49:38 +0530
Served asset /jquery_ujs.js - 304 Not Modified (1ms)


Started GET "/assets/script.js?body=1" for 127.0.0.1 at 2015-05-21 12:49:38 +0530
Served asset /script.js - 304 Not Modified (1ms)


Started GET "/assets/bootstrap.min.js?body=1" for 127.0.0.1 at 2015-05-21 12:49:38 +0530
Served asset /bootstrap.min.js - 304 Not Modified (2ms)


Started GET "/assets/jquery-ui/core.js?body=1" for 127.0.0.1 at 2015-05-21 12:49:38 +0530
Served asset /jquery-ui/core.js - 304 Not Modified (2ms)


Started GET "/assets/jquery-ui/datepicker.js?body=1" for 127.0.0.1 at 2015-05-21 12:49:38 +0530
Served asset /jquery-ui/datepicker.js - 304 Not Modified (6ms)


Started GET "/assets/studentrecs.js?body=1" for 127.0.0.1 at 2015-05-21 12:49:38 +0530
Served asset /studentrecs.js - 304 Not Modified (1ms)


Started GET "/img/logo.png" for 127.0.0.1 at 2015-05-21 12:49:38 +0530

ActionController::RoutingError (No route matches [GET] "/img/logo.png"):
  actionpack (3.2.21) lib/action_dispatch/middleware/debug_exceptions.rb:21:in `call'
  actionpack (3.2.21) lib/action_dispatch/middleware/show_exceptions.rb:56:in `call'
  railties (3.2.21) lib/rails/rack/logger.rb:32:in `call_app'
  railties (3.2.21) lib/rails/rack/logger.rb:16:in `block in call'
  activesupport (3.2.21) lib/active_support/tagged_logging.rb:22:in `tagged'
  railties (3.2.21) lib/rails/rack/logger.rb:16:in `call'
  actionpack (3.2.21) lib/action_dispatch/middleware/request_id.rb:22:in `call'
  rack (1.4.5) lib/rack/methodoverride.rb:21:in `call'
  rack (1.4.5) lib/rack/runtime.rb:17:in `call'
  activesupport (3.2.21) lib/active_support/cache/strategy/local_cache.rb:72:in `call'
  rack (1.4.5) lib/rack/lock.rb:15:in `call'
  actionpack (3.2.21) lib/action_dispatch/middleware/static.rb:83:in `call'
  railties (3.2.21) lib/rails/engine.rb:484:in `call'
  railties (3.2.21) lib/rails/application.rb:231:in `call'
  rack (1.4.5) lib/rack/content_length.rb:14:in `call'
  railties (3.2.21) lib/rails/rack/log_tailer.rb:17:in `call'
  rack (1.4.5) lib/rack/handler/webrick.rb:59:in `service'
  /home/nyros/.rvm/rubies/ruby-2.1.5/lib/ruby/2.1.0/webrick/httpserver.rb:138:in `service'
  /home/nyros/.rvm/rubies/ruby-2.1.5/lib/ruby/2.1.0/webrick/httpserver.rb:94:in `run'
  /home/nyros/.rvm/rubies/ruby-2.1.5/lib/ruby/2.1.0/webrick/server.rb:295:in `block in start_thread'


  Rendered /home/nyros/.rvm/gems/ruby-2.1.5/gems/actionpack-3.2.21/lib/action_dispatch/middleware/templates/rescues/routing_error.erb within rescues/layout (1.0ms)


Started GET "/studentrecs/new" for 127.0.0.1 at 2015-05-21 12:49:39 +0530
Processing by StudentrecsController#new as HTML
  Rendered studentrecs/_form.html.erb (6.6ms)
  Rendered studentrecs/new.html.erb within layouts/application (13.5ms)
Completed 200 OK in 27.8ms (Views: 27.0ms | ActiveRecord: 0.0ms)


Started GET "/assets/jquery-ui/theme.css?body=1" for 127.0.0.1 at 2015-05-21 12:49:39 +0530
Served asset /jquery-ui/theme.css - 304 Not Modified (0ms)


Started GET "/assets/jquery-ui/datepicker.css?body=1" for 127.0.0.1 at 2015-05-21 12:49:39 +0530
Served asset /jquery-ui/datepicker.css - 304 Not Modified (2ms)


Started GET "/assets/jquery-ui/core.css?body=1" for 127.0.0.1 at 2015-05-21 12:49:39 +0530
Served asset /jquery-ui/core.css - 304 Not Modified (2ms)


Started GET "/assets/bootstrap.min.css?body=1" for 127.0.0.1 at 2015-05-21 12:49:39 +0530
Served asset /bootstrap.min.css - 304 Not Modified (1ms)


Started GET "/assets/style.css?body=1" for 127.0.0.1 at 2015-05-21 12:49:39 +0530
Served asset /style.css - 304 Not Modified (0ms)


Started GET "/assets/default.css?body=1" for 127.0.0.1 at 2015-05-21 12:49:39 +0530
Served asset /default.css - 304 Not Modified (0ms)


Started GET "/assets/scaffolds.css?body=1" for 127.0.0.1 at 2015-05-21 12:49:39 +0530
Served asset /scaffolds.css - 304 Not Modified (0ms)


Started GET "/assets/studentrecs.css?body=1" for 127.0.0.1 at 2015-05-21 12:49:39 +0530
Served asset /studentrecs.css - 304 Not Modified (1ms)


Started GET "/assets/jquery.js?body=1" for 127.0.0.1 at 2015-05-21 12:49:39 +0530
Served asset /jquery.js - 304 Not Modified (1ms)


Started GET "/assets/jquery_ujs.js?body=1" for 127.0.0.1 at 2015-05-21 12:49:39 +0530
Served asset /jquery_ujs.js - 304 Not Modified (0ms)


Started GET "/assets/script.js?body=1" for 127.0.0.1 at 2015-05-21 12:49:39 +0530
Served asset /script.js - 304 Not Modified (0ms)


Started GET "/assets/bootstrap.min.js?body=1" for 127.0.0.1 at 2015-05-21 12:49:39 +0530
Served asset /bootstrap.min.js - 304 Not Modified (0ms)


Started GET "/assets/jquery-ui/core.js?body=1" for 127.0.0.1 at 2015-05-21 12:49:39 +0530
Served asset /jquery-ui/core.js - 304 Not Modified (0ms)


Started GET "/assets/jquery-ui/datepicker.js?body=1" for 127.0.0.1 at 2015-05-21 12:49:39 +0530
Served asset /jquery-ui/datepicker.js - 304 Not Modified (0ms)


Started GET "/assets/studentrecs.js?body=1" for 127.0.0.1 at 2015-05-21 12:49:39 +0530
Served asset /studentrecs.js - 304 Not Modified (0ms)


Started GET "/img/logo.png" for 127.0.0.1 at 2015-05-21 12:49:39 +0530

ActionController::RoutingError (No route matches [GET] "/img/logo.png"):
  actionpack (3.2.21) lib/action_dispatch/middleware/debug_exceptions.rb:21:in `call'
  actionpack (3.2.21) lib/action_dispatch/middleware/show_exceptions.rb:56:in `call'
  railties (3.2.21) lib/rails/rack/logger.rb:32:in `call_app'
  railties (3.2.21) lib/rails/rack/logger.rb:16:in `block in call'
  activesupport (3.2.21) lib/active_support/tagged_logging.rb:22:in `tagged'
  railties (3.2.21) lib/rails/rack/logger.rb:16:in `call'
  actionpack (3.2.21) lib/action_dispatch/middleware/request_id.rb:22:in `call'
  rack (1.4.5) lib/rack/methodoverride.rb:21:in `call'
  rack (1.4.5) lib/rack/runtime.rb:17:in `call'
  activesupport (3.2.21) lib/active_support/cache/strategy/local_cache.rb:72:in `call'
  rack (1.4.5) lib/rack/lock.rb:15:in `call'
  actionpack (3.2.21) lib/action_dispatch/middleware/static.rb:83:in `call'
  railties (3.2.21) lib/rails/engine.rb:484:in `call'
  railties (3.2.21) lib/rails/application.rb:231:in `call'
  rack (1.4.5) lib/rack/content_length.rb:14:in `call'
  railties (3.2.21) lib/rails/rack/log_tailer.rb:17:in `call'
  rack (1.4.5) lib/rack/handler/webrick.rb:59:in `service'
  /home/nyros/.rvm/rubies/ruby-2.1.5/lib/ruby/2.1.0/webrick/httpserver.rb:138:in `service'
  /home/nyros/.rvm/rubies/ruby-2.1.5/lib/ruby/2.1.0/webrick/httpserver.rb:94:in `run'
  /home/nyros/.rvm/rubies/ruby-2.1.5/lib/ruby/2.1.0/webrick/server.rb:295:in `block in start_thread'


  Rendered /home/nyros/.rvm/gems/ruby-2.1.5/gems/actionpack-3.2.21/lib/action_dispatch/middleware/templates/rescues/routing_error.erb within rescues/layout (0.6ms)


Started GET "/img/h1.png" for 127.0.0.1 at 2015-05-21 12:49:39 +0530

ActionController::RoutingError (No route matches [GET] "/img/h1.png"):
  actionpack (3.2.21) lib/action_dispatch/middleware/debug_exceptions.rb:21:in `call'
  actionpack (3.2.21) lib/action_dispatch/middleware/show_exceptions.rb:56:in `call'
  railties (3.2.21) lib/rails/rack/logger.rb:32:in `call_app'
  railties (3.2.21) lib/rails/rack/logger.rb:16:in `block in call'
  activesupport (3.2.21) lib/active_support/tagged_logging.rb:22:in `tagged'
  railties (3.2.21) lib/rails/rack/logger.rb:16:in `call'
  actionpack (3.2.21) lib/action_dispatch/middleware/request_id.rb:22:in `call'
  rack (1.4.5) lib/rack/methodoverride.rb:21:in `call'
  rack (1.4.5) lib/rack/runtime.rb:17:in `call'
  activesupport (3.2.21) lib/active_support/cache/strategy/local_cache.rb:72:in `call'
  rack (1.4.5) lib/rack/lock.rb:15:in `call'
  actionpack (3.2.21) lib/action_dispatch/middleware/static.rb:83:in `call'
  railties (3.2.21) lib/rails/engine.rb:484:in `call'
  railties (3.2.21) lib/rails/application.rb:231:in `call'
  rack (1.4.5) lib/rack/content_length.rb:14:in `call'
  railties (3.2.21) lib/rails/rack/log_tailer.rb:17:in `call'
  rack (1.4.5) lib/rack/handler/webrick.rb:59:in `service'
  /home/nyros/.rvm/rubies/ruby-2.1.5/lib/ruby/2.1.0/webrick/httpserver.rb:138:in `service'
  /home/nyros/.rvm/rubies/ruby-2.1.5/lib/ruby/2.1.0/webrick/httpserver.rb:94:in `run'
  /home/nyros/.rvm/rubies/ruby-2.1.5/lib/ruby/2.1.0/webrick/server.rb:295:in `block in start_thread'


  Rendered /home/nyros/.rvm/gems/ruby-2.1.5/gems/actionpack-3.2.21/lib/action_dispatch/middleware/templates/rescues/routing_error.erb within rescues/layout (0.8ms)


Started GET "/studentrecs" for 127.0.0.1 at 2015-05-21 14:05:42 +0530
Connecting to database specified by database.yml
Processing by StudentrecsController#index as HTML
  [1m[36mStudentrec Load (0.1ms)[0m  [1mSELECT "studentrecs".* FROM "studentrecs" [0m
  Rendered studentrecs/index.html.erb within layouts/application (2.8ms)
Compiled jquery-ui/theme.css  (53ms)  (pid 22864)
Compiled jquery-ui/core.css  (56ms)  (pid 22864)
Compiled jquery-ui/datepicker.css  (62ms)  (pid 22864)
Compiled style.css  (0ms)  (pid 22864)
Compiled default.css  (0ms)  (pid 22864)
Compiled bootstrap.min.css  (0ms)  (pid 22864)
Warning. Error encountered while saving cache /home/nyros/Desktop/chaitanya/Rails/student_reg_form/tmp/cache/sass/6492f311631f774060641ede0fe6cb27f762757b/scaffolds.css.scssc: can't dump anonymous class #<Class:0xaa3aed0>

Compiled scaffolds.css  (12ms)  (pid 22864)
Warning. Error encountered while saving cache /home/nyros/Desktop/chaitanya/Rails/student_reg_form/tmp/cache/sass/6492f311631f774060641ede0fe6cb27f762757b/studentrecs.css.scssc: can't dump anonymous class #<Class:0xaa3aed0>

Compiled studentrecs.css  (2ms)  (pid 22864)
Compiled application.css  (96ms)  (pid 22864)
Compiled jquery.js  (4ms)  (pid 22864)
Compiled jquery_ujs.js  (0ms)  (pid 22864)
Compiled script.js  (0ms)  (pid 22864)
Compiled bootstrap.min.js  (0ms)  (pid 22864)
Compiled jquery-ui/core.js  (0ms)  (pid 22864)
Compiled jquery-ui/datepicker.js  (4ms)  (pid 22864)
Compiled studentrecs.js  (197ms)  (pid 22864)
Compiled application.js  (225ms)  (pid 22864)
Completed 200 OK in 378.2ms (Views: 353.1ms | ActiveRecord: 1.2ms)


Started GET "/assets/jquery-ui/theme.css?body=1" for 127.0.0.1 at 2015-05-21 14:05:42 +0530
Served asset /jquery-ui/theme.css - 304 Not Modified (7ms)


Started GET "/assets/jquery-ui/datepicker.css?body=1" for 127.0.0.1 at 2015-05-21 14:05:42 +0530
Served asset /jquery-ui/datepicker.css - 304 Not Modified (11ms)


Started GET "/assets/jquery-ui/core.css?body=1" for 127.0.0.1 at 2015-05-21 14:05:42 +0530
Served asset /jquery-ui/core.css - 304 Not Modified (5ms)


Started GET "/assets/style.css?body=1" for 127.0.0.1 at 2015-05-21 14:05:42 +0530
Served asset /style.css - 304 Not Modified (1ms)


Started GET "/assets/default.css?body=1" for 127.0.0.1 at 2015-05-21 14:05:42 +0530
Served asset /default.css - 304 Not Modified (5ms)


Started GET "/assets/scaffolds.css?body=1" for 127.0.0.1 at 2015-05-21 14:05:42 +0530
Served asset /scaffolds.css - 304 Not Modified (1ms)


Started GET "/assets/bootstrap.min.css?body=1" for 127.0.0.1 at 2015-05-21 14:05:42 +0530
Served asset /bootstrap.min.css - 304 Not Modified (20ms)


Started GET "/assets/studentrecs.css?body=1" for 127.0.0.1 at 2015-05-21 14:05:42 +0530
Served asset /studentrecs.css - 304 Not Modified (1ms)


Started GET "/assets/jquery.js?body=1" for 127.0.0.1 at 2015-05-21 14:05:42 +0530
Served asset /jquery.js - 304 Not Modified (5ms)


Started GET "/assets/jquery_ujs.js?body=1" for 127.0.0.1 at 2015-05-21 14:05:42 +0530
Served asset /jquery_ujs.js - 304 Not Modified (3ms)


Started GET "/assets/script.js?body=1" for 127.0.0.1 at 2015-05-21 14:05:42 +0530
Served asset /script.js - 304 Not Modified (2ms)


Started GET "/assets/bootstrap.min.js?body=1" for 127.0.0.1 at 2015-05-21 14:05:42 +0530
Served asset /bootstrap.min.js - 304 Not Modified (2ms)


Started GET "/assets/jquery-ui/core.js?body=1" for 127.0.0.1 at 2015-05-21 14:05:42 +0530
Served asset /jquery-ui/core.js - 304 Not Modified (2ms)


Started GET "/assets/jquery-ui/datepicker.js?body=1" for 127.0.0.1 at 2015-05-21 14:05:42 +0530
Served asset /jquery-ui/datepicker.js - 304 Not Modified (5ms)


Started GET "/assets/studentrecs.js?body=1" for 127.0.0.1 at 2015-05-21 14:05:42 +0530
Served asset /studentrecs.js - 304 Not Modified (1ms)


Started GET "/img/logo.png" for 127.0.0.1 at 2015-05-21 14:05:42 +0530

ActionController::RoutingError (No route matches [GET] "/img/logo.png"):
  actionpack (3.2.21) lib/action_dispatch/middleware/debug_exceptions.rb:21:in `call'
  actionpack (3.2.21) lib/action_dispatch/middleware/show_exceptions.rb:56:in `call'
  railties (3.2.21) lib/rails/rack/logger.rb:32:in `call_app'
  railties (3.2.21) lib/rails/rack/logger.rb:16:in `block in call'
  activesupport (3.2.21) lib/active_support/tagged_logging.rb:22:in `tagged'
  railties (3.2.21) lib/rails/rack/logger.rb:16:in `call'
  actionpack (3.2.21) lib/action_dispatch/middleware/request_id.rb:22:in `call'
  rack (1.4.5) lib/rack/methodoverride.rb:21:in `call'
  rack (1.4.5) lib/rack/runtime.rb:17:in `call'
  activesupport (3.2.21) lib/active_support/cache/strategy/local_cache.rb:72:in `call'
  rack (1.4.5) lib/rack/lock.rb:15:in `call'
  actionpack (3.2.21) lib/action_dispatch/middleware/static.rb:83:in `call'
  railties (3.2.21) lib/rails/engine.rb:484:in `call'
  railties (3.2.21) lib/rails/application.rb:231:in `call'
  rack (1.4.5) lib/rack/content_length.rb:14:in `call'
  railties (3.2.21) lib/rails/rack/log_tailer.rb:17:in `call'
  rack (1.4.5) lib/rack/handler/webrick.rb:59:in `service'
  /home/nyros/.rvm/rubies/ruby-2.1.5/lib/ruby/2.1.0/webrick/httpserver.rb:138:in `service'
  /home/nyros/.rvm/rubies/ruby-2.1.5/lib/ruby/2.1.0/webrick/httpserver.rb:94:in `run'
  /home/nyros/.rvm/rubies/ruby-2.1.5/lib/ruby/2.1.0/webrick/server.rb:295:in `block in start_thread'


  Rendered /home/nyros/.rvm/gems/ruby-2.1.5/gems/actionpack-3.2.21/lib/action_dispatch/middleware/templates/rescues/routing_error.erb within rescues/layout (0.8ms)


Started GET "/studentrecs/new" for 127.0.0.1 at 2015-05-21 14:05:44 +0530
Processing by StudentrecsController#new as HTML
  Rendered studentrecs/_form.html.erb (8.6ms)
  Rendered studentrecs/new.html.erb within layouts/application (12.5ms)
Completed 200 OK in 20.3ms (Views: 19.1ms | ActiveRecord: 0.0ms)


Started GET "/assets/jquery-ui/theme.css?body=1" for 127.0.0.1 at 2015-05-21 14:05:44 +0530
Served asset /jquery-ui/theme.css - 304 Not Modified (4ms)


Started GET "/assets/style.css?body=1" for 127.0.0.1 at 2015-05-21 14:05:44 +0530
Served asset /style.css - 304 Not Modified (1ms)


Started GET "/assets/bootstrap.min.css?body=1" for 127.0.0.1 at 2015-05-21 14:05:44 +0530
Served asset /bootstrap.min.css - 304 Not Modified (0ms)


Started GET "/assets/default.css?body=1" for 127.0.0.1 at 2015-05-21 14:05:44 +0530
Served asset /default.css - 304 Not Modified (0ms)


Started GET "/assets/jquery-ui/core.css?body=1" for 127.0.0.1 at 2015-05-21 14:05:44 +0530
Served asset /jquery-ui/core.css - 304 Not Modified (0ms)


Started GET "/assets/jquery-ui/datepicker.css?body=1" for 127.0.0.1 at 2015-05-21 14:05:44 +0530
Served asset /jquery-ui/datepicker.css - 304 Not Modified (2ms)


Started GET "/assets/scaffolds.css?body=1" for 127.0.0.1 at 2015-05-21 14:05:44 +0530
Served asset /scaffolds.css - 304 Not Modified (0ms)


Started GET "/assets/studentrecs.css?body=1" for 127.0.0.1 at 2015-05-21 14:05:44 +0530
Served asset /studentrecs.css - 304 Not Modified (0ms)


Started GET "/assets/jquery.js?body=1" for 127.0.0.1 at 2015-05-21 14:05:44 +0530
Served asset /jquery.js - 304 Not Modified (2ms)


Started GET "/assets/jquery_ujs.js?body=1" for 127.0.0.1 at 2015-05-21 14:05:44 +0530
Served asset /jquery_ujs.js - 304 Not Modified (0ms)


Started GET "/assets/script.js?body=1" for 127.0.0.1 at 2015-05-21 14:05:44 +0530
Served asset /script.js - 304 Not Modified (0ms)


Started GET "/assets/bootstrap.min.js?body=1" for 127.0.0.1 at 2015-05-21 14:05:44 +0530
Served asset /bootstrap.min.js - 304 Not Modified (0ms)


Started GET "/assets/jquery-ui/core.js?body=1" for 127.0.0.1 at 2015-05-21 14:05:44 +0530
Served asset /jquery-ui/core.js - 304 Not Modified (0ms)


Started GET "/assets/jquery-ui/datepicker.js?body=1" for 127.0.0.1 at 2015-05-21 14:05:44 +0530
Served asset /jquery-ui/datepicker.js - 304 Not Modified (0ms)


Started GET "/assets/studentrecs.js?body=1" for 127.0.0.1 at 2015-05-21 14:05:44 +0530
Served asset /studentrecs.js - 304 Not Modified (0ms)


Started GET "/img/logo.png" for 127.0.0.1 at 2015-05-21 14:05:44 +0530

ActionController::RoutingError (No route matches [GET] "/img/logo.png"):
  actionpack (3.2.21) lib/action_dispatch/middleware/debug_exceptions.rb:21:in `call'
  actionpack (3.2.21) lib/action_dispatch/middleware/show_exceptions.rb:56:in `call'
  railties (3.2.21) lib/rails/rack/logger.rb:32:in `call_app'
  railties (3.2.21) lib/rails/rack/logger.rb:16:in `block in call'
  activesupport (3.2.21) lib/active_support/tagged_logging.rb:22:in `tagged'
  railties (3.2.21) lib/rails/rack/logger.rb:16:in `call'
  actionpack (3.2.21) lib/action_dispatch/middleware/request_id.rb:22:in `call'
  rack (1.4.5) lib/rack/methodoverride.rb:21:in `call'
  rack (1.4.5) lib/rack/runtime.rb:17:in `call'
  activesupport (3.2.21) lib/active_support/cache/strategy/local_cache.rb:72:in `call'
  rack (1.4.5) lib/rack/lock.rb:15:in `call'
  actionpack (3.2.21) lib/action_dispatch/middleware/static.rb:83:in `call'
  railties (3.2.21) lib/rails/engine.rb:484:in `call'
  railties (3.2.21) lib/rails/application.rb:231:in `call'
  rack (1.4.5) lib/rack/content_length.rb:14:in `call'
  railties (3.2.21) lib/rails/rack/log_tailer.rb:17:in `call'
  rack (1.4.5) lib/rack/handler/webrick.rb:59:in `service'
  /home/nyros/.rvm/rubies/ruby-2.1.5/lib/ruby/2.1.0/webrick/httpserver.rb:138:in `service'
  /home/nyros/.rvm/rubies/ruby-2.1.5/lib/ruby/2.1.0/webrick/httpserver.rb:94:in `run'
  /home/nyros/.rvm/rubies/ruby-2.1.5/lib/ruby/2.1.0/webrick/server.rb:295:in `block in start_thread'


  Rendered /home/nyros/.rvm/gems/ruby-2.1.5/gems/actionpack-3.2.21/lib/action_dispatch/middleware/templates/rescues/routing_error.erb within rescues/layout (0.5ms)


Started GET "/img/h1.png" for 127.0.0.1 at 2015-05-21 14:05:44 +0530

ActionController::RoutingError (No route matches [GET] "/img/h1.png"):
  actionpack (3.2.21) lib/action_dispatch/middleware/debug_exceptions.rb:21:in `call'
  actionpack (3.2.21) lib/action_dispatch/middleware/show_exceptions.rb:56:in `call'
  railties (3.2.21) lib/rails/rack/logger.rb:32:in `call_app'
  railties (3.2.21) lib/rails/rack/logger.rb:16:in `block in call'
  activesupport (3.2.21) lib/active_support/tagged_logging.rb:22:in `tagged'
  railties (3.2.21) lib/rails/rack/logger.rb:16:in `call'
  actionpack (3.2.21) lib/action_dispatch/middleware/request_id.rb:22:in `call'
  rack (1.4.5) lib/rack/methodoverride.rb:21:in `call'
  rack (1.4.5) lib/rack/runtime.rb:17:in `call'
  activesupport (3.2.21) lib/active_support/cache/strategy/local_cache.rb:72:in `call'
  rack (1.4.5) lib/rack/lock.rb:15:in `call'
  actionpack (3.2.21) lib/action_dispatch/middleware/static.rb:83:in `call'
  railties (3.2.21) lib/rails/engine.rb:484:in `call'
  railties (3.2.21) lib/rails/application.rb:231:in `call'
  rack (1.4.5) lib/rack/content_length.rb:14:in `call'
  railties (3.2.21) lib/rails/rack/log_tailer.rb:17:in `call'
  rack (1.4.5) lib/rack/handler/webrick.rb:59:in `service'
  /home/nyros/.rvm/rubies/ruby-2.1.5/lib/ruby/2.1.0/webrick/httpserver.rb:138:in `service'
  /home/nyros/.rvm/rubies/ruby-2.1.5/lib/ruby/2.1.0/webrick/httpserver.rb:94:in `run'
  /home/nyros/.rvm/rubies/ruby-2.1.5/lib/ruby/2.1.0/webrick/server.rb:295:in `block in start_thread'


  Rendered /home/nyros/.rvm/gems/ruby-2.1.5/gems/actionpack-3.2.21/lib/action_dispatch/middleware/templates/rescues/routing_error.erb within rescues/layout (0.6ms)


Started POST "/studentrecs" for 127.0.0.1 at 2015-05-21 14:06:01 +0530
Processing by StudentrecsController#create as HTML
  Parameters: {"utf8"=>"✓", "authenticity_token"=>"0s8rp6jix4BQcvBztWjgc/Rhmu6BAOm2lgBD/mudwAk=", "studentrec"=>{"name"=>"prabhu", "address"=>"5-16/1", "birthday"=>"15-05-2015", "gender"=>"male", "image"=>#<ActionDispatch::Http::UploadedFile:0xb61648f4 @original_filename="photo.jpg", @content_type="image/jpeg", @headers="Content-Disposition: form-data; name=\"studentrec[image]\"; filename=\"photo.jpg\"\r\nContent-Type: image/jpeg\r\n", @tempfile=#<Tempfile:/tmp/RackMultipart20150521-22864-1wcssuw>>}, "cse"=>"1", "commit"=>"Submit"}
Command :: file -b --mime '/tmp/5ae0c1c8a5260bc7b6648f6fbd115c3520150521-22864-pewzfo.jpg'
  [1m[35m (0.1ms)[0m  begin transaction
Command :: file -b --mime '/tmp/5ae0c1c8a5260bc7b6648f6fbd115c3520150521-22864-1qx3he.jpg'
Binary data inserted for `string` type on column `image_content_type`
  [1m[36mSQL (87.5ms)[0m  [1mINSERT INTO "studentrecs" ("address", "birthday", "created_at", "gender", "group", "image_content_type", "image_file_name", "image_file_size", "image_updated_at", "name", "updated_at") VALUES (?, ?, ?, ?, ?, ?, ?, ?, ?, ?, ?)[0m  [["address", "5-16/1"], ["birthday", Fri, 15 May 2015], ["created_at", Thu, 21 May 2015 08:36:01 UTC +00:00], ["gender", "male"], ["group", nil], ["image_content_type", "image/jpeg"], ["image_file_name", "photo.jpg"], ["image_file_size", 42842], ["image_updated_at", Thu, 21 May 2015 08:36:01 UTC +00:00], ["name", "prabhu"], ["updated_at", Thu, 21 May 2015 08:36:01 UTC +00:00]]
  [1m[35m (124.7ms)[0m  commit transaction
Redirected to http://localhost:3000/studentrecs/2
Completed 302 Found in 306.3ms (ActiveRecord: 212.3ms)


Started GET "/studentrecs/2" for 127.0.0.1 at 2015-05-21 14:06:01 +0530
Processing by StudentrecsController#show as HTML
  Parameters: {"id"=>"2"}
  [1m[36mStudentrec Load (0.2ms)[0m  [1mSELECT "studentrecs".* FROM "studentrecs" WHERE "studentrecs"."id" = ? LIMIT 1[0m  [["id", "2"]]
  Rendered studentrecs/show.html.erb within layouts/application (3.9ms)
Completed 200 OK in 14.4ms (Views: 12.3ms | ActiveRecord: 0.2ms)


Started GET "/assets/jquery-ui/theme.css?body=1" for 127.0.0.1 at 2015-05-21 14:06:01 +0530
Served asset /jquery-ui/theme.css - 304 Not Modified (0ms)


Started GET "/assets/jquery-ui/core.css?body=1" for 127.0.0.1 at 2015-05-21 14:06:01 +0530
Served asset /jquery-ui/core.css - 304 Not Modified (0ms)


Started GET "/assets/style.css?body=1" for 127.0.0.1 at 2015-05-21 14:06:01 +0530
Served asset /style.css - 304 Not Modified (0ms)


Started GET "/assets/jquery-ui/datepicker.css?body=1" for 127.0.0.1 at 2015-05-21 14:06:01 +0530
Served asset /jquery-ui/datepicker.css - 304 Not Modified (5ms)


Started GET "/assets/default.css?body=1" for 127.0.0.1 at 2015-05-21 14:06:01 +0530
Served asset /default.css - 304 Not Modified (0ms)


Started GET "/assets/bootstrap.min.css?body=1" for 127.0.0.1 at 2015-05-21 14:06:01 +0530
Served asset /bootstrap.min.css - 304 Not Modified (4ms)


Started GET "/assets/scaffolds.css?body=1" for 127.0.0.1 at 2015-05-21 14:06:01 +0530
Served asset /scaffolds.css - 304 Not Modified (0ms)


Started GET "/assets/studentrecs.css?body=1" for 127.0.0.1 at 2015-05-21 14:06:01 +0530
Served asset /studentrecs.css - 304 Not Modified (3ms)


Started GET "/assets/jquery.js?body=1" for 127.0.0.1 at 2015-05-21 14:06:01 +0530
Served asset /jquery.js - 304 Not Modified (0ms)


Started GET "/assets/jquery_ujs.js?body=1" for 127.0.0.1 at 2015-05-21 14:06:01 +0530
Served asset /jquery_ujs.js - 304 Not Modified (0ms)


Started GET "/assets/script.js?body=1" for 127.0.0.1 at 2015-05-21 14:06:01 +0530
Served asset /script.js - 304 Not Modified (0ms)


Started GET "/assets/bootstrap.min.js?body=1" for 127.0.0.1 at 2015-05-21 14:06:01 +0530
Served asset /bootstrap.min.js - 304 Not Modified (2ms)


Started GET "/assets/jquery-ui/core.js?body=1" for 127.0.0.1 at 2015-05-21 14:06:01 +0530
Served asset /jquery-ui/core.js - 304 Not Modified (6ms)


Started GET "/assets/jquery-ui/datepicker.js?body=1" for 127.0.0.1 at 2015-05-21 14:06:01 +0530
Served asset /jquery-ui/datepicker.js - 304 Not Modified (0ms)


Started GET "/assets/studentrecs.js?body=1" for 127.0.0.1 at 2015-05-21 14:06:01 +0530
Served asset /studentrecs.js - 304 Not Modified (0ms)


Started GET "/studentrecs" for 127.0.0.1 at 2015-05-21 14:06:03 +0530
Processing by StudentrecsController#index as HTML
  [1m[35mStudentrec Load (0.2ms)[0m  SELECT "studentrecs".* FROM "studentrecs" 
  Rendered studentrecs/index.html.erb within layouts/application (1.4ms)
Completed 200 OK in 16.3ms (Views: 15.4ms | ActiveRecord: 0.2ms)


Started GET "/assets/jquery-ui/theme.css?body=1" for 127.0.0.1 at 2015-05-21 14:06:03 +0530
Served asset /jquery-ui/theme.css - 304 Not Modified (7ms)


Started GET "/assets/style.css?body=1" for 127.0.0.1 at 2015-05-21 14:06:03 +0530
Served asset /style.css - 304 Not Modified (0ms)


Started GET "/assets/jquery-ui/core.css?body=1" for 127.0.0.1 at 2015-05-21 14:06:03 +0530
Served asset /jquery-ui/core.css - 304 Not Modified (2ms)


Started GET "/assets/default.css?body=1" for 127.0.0.1 at 2015-05-21 14:06:03 +0530
Served asset /default.css - 304 Not Modified (0ms)


Started GET "/assets/jquery-ui/datepicker.css?body=1" for 127.0.0.1 at 2015-05-21 14:06:03 +0530
Served asset /jquery-ui/datepicker.css - 304 Not Modified (1ms)


Started GET "/assets/bootstrap.min.css?body=1" for 127.0.0.1 at 2015-05-21 14:06:03 +0530
Served asset /bootstrap.min.css - 304 Not Modified (0ms)


Started GET "/assets/scaffolds.css?body=1" for 127.0.0.1 at 2015-05-21 14:06:03 +0530
Served asset /scaffolds.css - 304 Not Modified (2ms)


Started GET "/assets/studentrecs.css?body=1" for 127.0.0.1 at 2015-05-21 14:06:03 +0530
Served asset /studentrecs.css - 304 Not Modified (0ms)


Started GET "/assets/jquery-ui/core.js?body=1" for 127.0.0.1 at 2015-05-21 14:06:03 +0530
Served asset /jquery-ui/core.js - 304 Not Modified (0ms)


Started GET "/assets/jquery_ujs.js?body=1" for 127.0.0.1 at 2015-05-21 14:06:03 +0530
Served asset /jquery_ujs.js - 304 Not Modified (0ms)


Started GET "/assets/script.js?body=1" for 127.0.0.1 at 2015-05-21 14:06:03 +0530
Served asset /script.js - 304 Not Modified (1ms)


Started GET "/assets/bootstrap.min.js?body=1" for 127.0.0.1 at 2015-05-21 14:06:03 +0530
Served asset /bootstrap.min.js - 304 Not Modified (0ms)


Started GET "/assets/jquery.js?body=1" for 127.0.0.1 at 2015-05-21 14:06:03 +0530
Served asset /jquery.js - 304 Not Modified (0ms)


Started GET "/assets/jquery-ui/datepicker.js?body=1" for 127.0.0.1 at 2015-05-21 14:06:03 +0530
Served asset /jquery-ui/datepicker.js - 304 Not Modified (0ms)


Started GET "/assets/studentrecs.js?body=1" for 127.0.0.1 at 2015-05-21 14:06:03 +0530
Served asset /studentrecs.js - 304 Not Modified (0ms)


Started GET "/img/logo.png" for 127.0.0.1 at 2015-05-21 14:06:03 +0530

ActionController::RoutingError (No route matches [GET] "/img/logo.png"):
  actionpack (3.2.21) lib/action_dispatch/middleware/debug_exceptions.rb:21:in `call'
  actionpack (3.2.21) lib/action_dispatch/middleware/show_exceptions.rb:56:in `call'
  railties (3.2.21) lib/rails/rack/logger.rb:32:in `call_app'
  railties (3.2.21) lib/rails/rack/logger.rb:16:in `block in call'
  activesupport (3.2.21) lib/active_support/tagged_logging.rb:22:in `tagged'
  railties (3.2.21) lib/rails/rack/logger.rb:16:in `call'
  actionpack (3.2.21) lib/action_dispatch/middleware/request_id.rb:22:in `call'
  rack (1.4.5) lib/rack/methodoverride.rb:21:in `call'
  rack (1.4.5) lib/rack/runtime.rb:17:in `call'
  activesupport (3.2.21) lib/active_support/cache/strategy/local_cache.rb:72:in `call'
  rack (1.4.5) lib/rack/lock.rb:15:in `call'
  actionpack (3.2.21) lib/action_dispatch/middleware/static.rb:83:in `call'
  railties (3.2.21) lib/rails/engine.rb:484:in `call'
  railties (3.2.21) lib/rails/application.rb:231:in `call'
  rack (1.4.5) lib/rack/content_length.rb:14:in `call'
  railties (3.2.21) lib/rails/rack/log_tailer.rb:17:in `call'
  rack (1.4.5) lib/rack/handler/webrick.rb:59:in `service'
  /home/nyros/.rvm/rubies/ruby-2.1.5/lib/ruby/2.1.0/webrick/httpserver.rb:138:in `service'
  /home/nyros/.rvm/rubies/ruby-2.1.5/lib/ruby/2.1.0/webrick/httpserver.rb:94:in `run'
  /home/nyros/.rvm/rubies/ruby-2.1.5/lib/ruby/2.1.0/webrick/server.rb:295:in `block in start_thread'


  Rendered /home/nyros/.rvm/gems/ruby-2.1.5/gems/actionpack-3.2.21/lib/action_dispatch/middleware/templates/rescues/routing_error.erb within rescues/layout (0.8ms)


Started GET "/studentrecs" for 127.0.0.1 at 2015-05-21 14:06:04 +0530
Processing by StudentrecsController#index as HTML
  [1m[36mStudentrec Load (0.3ms)[0m  [1mSELECT "studentrecs".* FROM "studentrecs" [0m
  Rendered studentrecs/index.html.erb within layouts/application (1.6ms)
Completed 200 OK in 10.8ms (Views: 9.5ms | ActiveRecord: 0.3ms)


Started GET "/assets/jquery-ui/theme.css?body=1" for 127.0.0.1 at 2015-05-21 14:06:04 +0530
Served asset /jquery-ui/theme.css - 304 Not Modified (11ms)


Started GET "/assets/default.css?body=1" for 127.0.0.1 at 2015-05-21 14:06:04 +0530
Served asset /default.css - 304 Not Modified (0ms)


Started GET "/assets/jquery-ui/core.css?body=1" for 127.0.0.1 at 2015-05-21 14:06:04 +0530
Served asset /jquery-ui/core.css - 304 Not Modified (2ms)


Started GET "/assets/jquery-ui/datepicker.css?body=1" for 127.0.0.1 at 2015-05-21 14:06:04 +0530
Served asset /jquery-ui/datepicker.css - 304 Not Modified (2ms)


Started GET "/assets/style.css?body=1" for 127.0.0.1 at 2015-05-21 14:06:04 +0530
Served asset /style.css - 304 Not Modified (1ms)


Started GET "/assets/bootstrap.min.css?body=1" for 127.0.0.1 at 2015-05-21 14:06:04 +0530
Served asset /bootstrap.min.css - 304 Not Modified (1ms)


Started GET "/assets/scaffolds.css?body=1" for 127.0.0.1 at 2015-05-21 14:06:04 +0530
Served asset /scaffolds.css - 304 Not Modified (0ms)


Started GET "/assets/studentrecs.css?body=1" for 127.0.0.1 at 2015-05-21 14:06:04 +0530
Served asset /studentrecs.css - 304 Not Modified (0ms)


Started GET "/assets/jquery.js?body=1" for 127.0.0.1 at 2015-05-21 14:06:05 +0530
Served asset /jquery.js - 304 Not Modified (5ms)


Started GET "/assets/jquery_ujs.js?body=1" for 127.0.0.1 at 2015-05-21 14:06:05 +0530
Served asset /jquery_ujs.js - 304 Not Modified (0ms)


Started GET "/assets/script.js?body=1" for 127.0.0.1 at 2015-05-21 14:06:05 +0530
Served asset /script.js - 304 Not Modified (1ms)


Started GET "/assets/bootstrap.min.js?body=1" for 127.0.0.1 at 2015-05-21 14:06:05 +0530
Served asset /bootstrap.min.js - 304 Not Modified (0ms)


Started GET "/assets/jquery-ui/datepicker.js?body=1" for 127.0.0.1 at 2015-05-21 14:06:05 +0530
Served asset /jquery-ui/datepicker.js - 304 Not Modified (0ms)


Started GET "/assets/jquery-ui/core.js?body=1" for 127.0.0.1 at 2015-05-21 14:06:05 +0530
Served asset /jquery-ui/core.js - 304 Not Modified (0ms)


Started GET "/assets/studentrecs.js?body=1" for 127.0.0.1 at 2015-05-21 14:06:05 +0530
Served asset /studentrecs.js - 304 Not Modified (0ms)


Started GET "/img/logo.png" for 127.0.0.1 at 2015-05-21 14:06:05 +0530

ActionController::RoutingError (No route matches [GET] "/img/logo.png"):
  actionpack (3.2.21) lib/action_dispatch/middleware/debug_exceptions.rb:21:in `call'
  actionpack (3.2.21) lib/action_dispatch/middleware/show_exceptions.rb:56:in `call'
  railties (3.2.21) lib/rails/rack/logger.rb:32:in `call_app'
  railties (3.2.21) lib/rails/rack/logger.rb:16:in `block in call'
  activesupport (3.2.21) lib/active_support/tagged_logging.rb:22:in `tagged'
  railties (3.2.21) lib/rails/rack/logger.rb:16:in `call'
  actionpack (3.2.21) lib/action_dispatch/middleware/request_id.rb:22:in `call'
  rack (1.4.5) lib/rack/methodoverride.rb:21:in `call'
  rack (1.4.5) lib/rack/runtime.rb:17:in `call'
  activesupport (3.2.21) lib/active_support/cache/strategy/local_cache.rb:72:in `call'
  rack (1.4.5) lib/rack/lock.rb:15:in `call'
  actionpack (3.2.21) lib/action_dispatch/middleware/static.rb:83:in `call'
  railties (3.2.21) lib/rails/engine.rb:484:in `call'
  railties (3.2.21) lib/rails/application.rb:231:in `call'
  rack (1.4.5) lib/rack/content_length.rb:14:in `call'
  railties (3.2.21) lib/rails/rack/log_tailer.rb:17:in `call'
  rack (1.4.5) lib/rack/handler/webrick.rb:59:in `service'
  /home/nyros/.rvm/rubies/ruby-2.1.5/lib/ruby/2.1.0/webrick/httpserver.rb:138:in `service'
  /home/nyros/.rvm/rubies/ruby-2.1.5/lib/ruby/2.1.0/webrick/httpserver.rb:94:in `run'
  /home/nyros/.rvm/rubies/ruby-2.1.5/lib/ruby/2.1.0/webrick/server.rb:295:in `block in start_thread'


  Rendered /home/nyros/.rvm/gems/ruby-2.1.5/gems/actionpack-3.2.21/lib/action_dispatch/middleware/templates/rescues/routing_error.erb within rescues/layout (0.7ms)
Connecting to database specified by database.yml


Started GET "/studentrecs" for 127.0.0.1 at 2015-05-21 14:51:20 +0530
Connecting to database specified by database.yml
Processing by StudentrecsController#index as HTML
  [1m[36mStudentrec Load (0.1ms)[0m  [1mSELECT "studentrecs".* FROM "studentrecs" [0m
  Rendered studentrecs/index.html.erb within layouts/application (3.6ms)
Completed 200 OK in 57.5ms (Views: 32.7ms | ActiveRecord: 1.2ms)


Started GET "/assets/jquery-ui/theme.css?body=1" for 127.0.0.1 at 2015-05-21 14:51:21 +0530
Served asset /jquery-ui/theme.css - 304 Not Modified (4ms)


Started GET "/assets/jquery-ui/core.css?body=1" for 127.0.0.1 at 2015-05-21 14:51:21 +0530
Served asset /jquery-ui/core.css - 304 Not Modified (4ms)


Started GET "/assets/jquery-ui/datepicker.css?body=1" for 127.0.0.1 at 2015-05-21 14:51:21 +0530
Served asset /jquery-ui/datepicker.css - 304 Not Modified (4ms)


Started GET "/assets/style.css?body=1" for 127.0.0.1 at 2015-05-21 14:51:21 +0530
Served asset /style.css - 304 Not Modified (1ms)


Started GET "/assets/default.css?body=1" for 127.0.0.1 at 2015-05-21 14:51:21 +0530
Served asset /default.css - 304 Not Modified (1ms)


Started GET "/assets/bootstrap.min.css?body=1" for 127.0.0.1 at 2015-05-21 14:51:21 +0530
Served asset /bootstrap.min.css - 304 Not Modified (3ms)


Started GET "/assets/scaffolds.css?body=1" for 127.0.0.1 at 2015-05-21 14:51:21 +0530
Served asset /scaffolds.css - 304 Not Modified (2ms)


Started GET "/assets/studentrecs.css?body=1" for 127.0.0.1 at 2015-05-21 14:51:21 +0530
Served asset /studentrecs.css - 304 Not Modified (24ms)


Started GET "/assets/jquery.js?body=1" for 127.0.0.1 at 2015-05-21 14:51:21 +0530
Served asset /jquery.js - 304 Not Modified (2ms)


Started GET "/assets/jquery_ujs.js?body=1" for 127.0.0.1 at 2015-05-21 14:51:21 +0530
Served asset /jquery_ujs.js - 304 Not Modified (1ms)


Started GET "/assets/script.js?body=1" for 127.0.0.1 at 2015-05-21 14:51:21 +0530
Served asset /script.js - 304 Not Modified (1ms)


Started GET "/assets/bootstrap.min.js?body=1" for 127.0.0.1 at 2015-05-21 14:51:21 +0530
Served asset /bootstrap.min.js - 304 Not Modified (2ms)


Started GET "/assets/jquery-ui/core.js?body=1" for 127.0.0.1 at 2015-05-21 14:51:21 +0530
Served asset /jquery-ui/core.js - 304 Not Modified (3ms)


Started GET "/assets/jquery-ui/datepicker.js?body=1" for 127.0.0.1 at 2015-05-21 14:51:21 +0530
Served asset /jquery-ui/datepicker.js - 304 Not Modified (5ms)


Started GET "/assets/studentrecs.js?body=1" for 127.0.0.1 at 2015-05-21 14:51:21 +0530
Served asset /studentrecs.js - 304 Not Modified (1ms)


Started GET "/img/logo.png" for 127.0.0.1 at 2015-05-21 14:51:21 +0530

ActionController::RoutingError (No route matches [GET] "/img/logo.png"):
  actionpack (3.2.21) lib/action_dispatch/middleware/debug_exceptions.rb:21:in `call'
  actionpack (3.2.21) lib/action_dispatch/middleware/show_exceptions.rb:56:in `call'
  railties (3.2.21) lib/rails/rack/logger.rb:32:in `call_app'
  railties (3.2.21) lib/rails/rack/logger.rb:16:in `block in call'
  activesupport (3.2.21) lib/active_support/tagged_logging.rb:22:in `tagged'
  railties (3.2.21) lib/rails/rack/logger.rb:16:in `call'
  actionpack (3.2.21) lib/action_dispatch/middleware/request_id.rb:22:in `call'
  rack (1.4.5) lib/rack/methodoverride.rb:21:in `call'
  rack (1.4.5) lib/rack/runtime.rb:17:in `call'
  activesupport (3.2.21) lib/active_support/cache/strategy/local_cache.rb:72:in `call'
  rack (1.4.5) lib/rack/lock.rb:15:in `call'
  actionpack (3.2.21) lib/action_dispatch/middleware/static.rb:83:in `call'
  railties (3.2.21) lib/rails/engine.rb:484:in `call'
  railties (3.2.21) lib/rails/application.rb:231:in `call'
  rack (1.4.5) lib/rack/content_length.rb:14:in `call'
  railties (3.2.21) lib/rails/rack/log_tailer.rb:17:in `call'
  thin (1.6.3) lib/thin/connection.rb:86:in `block in pre_process'
  thin (1.6.3) lib/thin/connection.rb:84:in `catch'
  thin (1.6.3) lib/thin/connection.rb:84:in `pre_process'
  thin (1.6.3) lib/thin/connection.rb:53:in `process'
  thin (1.6.3) lib/thin/connection.rb:39:in `receive_data'
  eventmachine (1.0.7) lib/eventmachine.rb:187:in `run_machine'
  eventmachine (1.0.7) lib/eventmachine.rb:187:in `run'
  thin (1.6.3) lib/thin/backends/base.rb:73:in `start'
  thin (1.6.3) lib/thin/server.rb:162:in `start'
  rack (1.4.5) lib/rack/handler/thin.rb:13:in `run'
  rack (1.4.5) lib/rack/server.rb:268:in `start'
  railties (3.2.21) lib/rails/commands/server.rb:70:in `start'
  railties (3.2.21) lib/rails/commands.rb:55:in `block in <top (required)>'
  railties (3.2.21) lib/rails/commands.rb:50:in `tap'
  railties (3.2.21) lib/rails/commands.rb:50:in `<top (required)>'
  script/rails:6:in `require'
  script/rails:6:in `<main>'


  Rendered /home/nyros/.rvm/gems/ruby-2.1.5/gems/actionpack-3.2.21/lib/action_dispatch/middleware/templates/rescues/routing_error.erb within rescues/layout (0.6ms)


Started GET "/studentrecs/new" for 127.0.0.1 at 2015-05-21 14:51:23 +0530
Processing by StudentrecsController#new as HTML
  Rendered studentrecs/_form.html.erb (8.0ms)
  Rendered studentrecs/new.html.erb within layouts/application (15.9ms)
Completed 200 OK in 27.8ms (Views: 26.8ms | ActiveRecord: 0.0ms)


Started GET "/assets/jquery-ui/theme.css?body=1" for 127.0.0.1 at 2015-05-21 14:51:23 +0530
Served asset /jquery-ui/theme.css - 304 Not Modified (0ms)


Started GET "/assets/jquery-ui/core.css?body=1" for 127.0.0.1 at 2015-05-21 14:51:23 +0530
Served asset /jquery-ui/core.css - 304 Not Modified (0ms)


Started GET "/assets/jquery-ui/datepicker.css?body=1" for 127.0.0.1 at 2015-05-21 14:51:23 +0530
Served asset /jquery-ui/datepicker.css - 304 Not Modified (0ms)


Started GET "/assets/style.css?body=1" for 127.0.0.1 at 2015-05-21 14:51:23 +0530
Served asset /style.css - 304 Not Modified (0ms)


Started GET "/assets/default.css?body=1" for 127.0.0.1 at 2015-05-21 14:51:23 +0530
Served asset /default.css - 304 Not Modified (0ms)


Started GET "/assets/bootstrap.min.css?body=1" for 127.0.0.1 at 2015-05-21 14:51:23 +0530
Served asset /bootstrap.min.css - 304 Not Modified (0ms)


Started GET "/assets/scaffolds.css?body=1" for 127.0.0.1 at 2015-05-21 14:51:23 +0530
Served asset /scaffolds.css - 304 Not Modified (0ms)


Started GET "/assets/studentrecs.css?body=1" for 127.0.0.1 at 2015-05-21 14:51:23 +0530
Served asset /studentrecs.css - 304 Not Modified (0ms)


Started GET "/assets/jquery.js?body=1" for 127.0.0.1 at 2015-05-21 14:51:23 +0530
Served asset /jquery.js - 304 Not Modified (0ms)


Started GET "/assets/jquery_ujs.js?body=1" for 127.0.0.1 at 2015-05-21 14:51:23 +0530
Served asset /jquery_ujs.js - 304 Not Modified (0ms)


Started GET "/assets/script.js?body=1" for 127.0.0.1 at 2015-05-21 14:51:23 +0530
Served asset /script.js - 304 Not Modified (0ms)


Started GET "/assets/bootstrap.min.js?body=1" for 127.0.0.1 at 2015-05-21 14:51:23 +0530
Served asset /bootstrap.min.js - 304 Not Modified (0ms)


Started GET "/assets/jquery-ui/core.js?body=1" for 127.0.0.1 at 2015-05-21 14:51:23 +0530
Served asset /jquery-ui/core.js - 304 Not Modified (0ms)


Started GET "/assets/jquery-ui/datepicker.js?body=1" for 127.0.0.1 at 2015-05-21 14:51:23 +0530
Served asset /jquery-ui/datepicker.js - 304 Not Modified (0ms)


Started GET "/assets/studentrecs.js?body=1" for 127.0.0.1 at 2015-05-21 14:51:23 +0530
Served asset /studentrecs.js - 304 Not Modified (0ms)


Started GET "/img/logo.png" for 127.0.0.1 at 2015-05-21 14:51:23 +0530

ActionController::RoutingError (No route matches [GET] "/img/logo.png"):
  actionpack (3.2.21) lib/action_dispatch/middleware/debug_exceptions.rb:21:in `call'
  actionpack (3.2.21) lib/action_dispatch/middleware/show_exceptions.rb:56:in `call'
  railties (3.2.21) lib/rails/rack/logger.rb:32:in `call_app'
  railties (3.2.21) lib/rails/rack/logger.rb:16:in `block in call'
  activesupport (3.2.21) lib/active_support/tagged_logging.rb:22:in `tagged'
  railties (3.2.21) lib/rails/rack/logger.rb:16:in `call'
  actionpack (3.2.21) lib/action_dispatch/middleware/request_id.rb:22:in `call'
  rack (1.4.5) lib/rack/methodoverride.rb:21:in `call'
  rack (1.4.5) lib/rack/runtime.rb:17:in `call'
  activesupport (3.2.21) lib/active_support/cache/strategy/local_cache.rb:72:in `call'
  rack (1.4.5) lib/rack/lock.rb:15:in `call'
  actionpack (3.2.21) lib/action_dispatch/middleware/static.rb:83:in `call'
  railties (3.2.21) lib/rails/engine.rb:484:in `call'
  railties (3.2.21) lib/rails/application.rb:231:in `call'
  rack (1.4.5) lib/rack/content_length.rb:14:in `call'
  railties (3.2.21) lib/rails/rack/log_tailer.rb:17:in `call'
  thin (1.6.3) lib/thin/connection.rb:86:in `block in pre_process'
  thin (1.6.3) lib/thin/connection.rb:84:in `catch'
  thin (1.6.3) lib/thin/connection.rb:84:in `pre_process'
  thin (1.6.3) lib/thin/connection.rb:53:in `process'
  thin (1.6.3) lib/thin/connection.rb:39:in `receive_data'
  eventmachine (1.0.7) lib/eventmachine.rb:187:in `run_machine'
  eventmachine (1.0.7) lib/eventmachine.rb:187:in `run'
  thin (1.6.3) lib/thin/backends/base.rb:73:in `start'
  thin (1.6.3) lib/thin/server.rb:162:in `start'
  rack (1.4.5) lib/rack/handler/thin.rb:13:in `run'
  rack (1.4.5) lib/rack/server.rb:268:in `start'
  railties (3.2.21) lib/rails/commands/server.rb:70:in `start'
  railties (3.2.21) lib/rails/commands.rb:55:in `block in <top (required)>'
  railties (3.2.21) lib/rails/commands.rb:50:in `tap'
  railties (3.2.21) lib/rails/commands.rb:50:in `<top (required)>'
  script/rails:6:in `require'
  script/rails:6:in `<main>'


  Rendered /home/nyros/.rvm/gems/ruby-2.1.5/gems/actionpack-3.2.21/lib/action_dispatch/middleware/templates/rescues/routing_error.erb within rescues/layout (0.7ms)


Started GET "/img/h1.png" for 127.0.0.1 at 2015-05-21 14:51:23 +0530

ActionController::RoutingError (No route matches [GET] "/img/h1.png"):
  actionpack (3.2.21) lib/action_dispatch/middleware/debug_exceptions.rb:21:in `call'
  actionpack (3.2.21) lib/action_dispatch/middleware/show_exceptions.rb:56:in `call'
  railties (3.2.21) lib/rails/rack/logger.rb:32:in `call_app'
  railties (3.2.21) lib/rails/rack/logger.rb:16:in `block in call'
  activesupport (3.2.21) lib/active_support/tagged_logging.rb:22:in `tagged'
  railties (3.2.21) lib/rails/rack/logger.rb:16:in `call'
  actionpack (3.2.21) lib/action_dispatch/middleware/request_id.rb:22:in `call'
  rack (1.4.5) lib/rack/methodoverride.rb:21:in `call'
  rack (1.4.5) lib/rack/runtime.rb:17:in `call'
  activesupport (3.2.21) lib/active_support/cache/strategy/local_cache.rb:72:in `call'
  rack (1.4.5) lib/rack/lock.rb:15:in `call'
  actionpack (3.2.21) lib/action_dispatch/middleware/static.rb:83:in `call'
  railties (3.2.21) lib/rails/engine.rb:484:in `call'
  railties (3.2.21) lib/rails/application.rb:231:in `call'
  rack (1.4.5) lib/rack/content_length.rb:14:in `call'
  railties (3.2.21) lib/rails/rack/log_tailer.rb:17:in `call'
  thin (1.6.3) lib/thin/connection.rb:86:in `block in pre_process'
  thin (1.6.3) lib/thin/connection.rb:84:in `catch'
  thin (1.6.3) lib/thin/connection.rb:84:in `pre_process'
  thin (1.6.3) lib/thin/connection.rb:53:in `process'
  thin (1.6.3) lib/thin/connection.rb:39:in `receive_data'
  eventmachine (1.0.7) lib/eventmachine.rb:187:in `run_machine'
  eventmachine (1.0.7) lib/eventmachine.rb:187:in `run'
  thin (1.6.3) lib/thin/backends/base.rb:73:in `start'
  thin (1.6.3) lib/thin/server.rb:162:in `start'
  rack (1.4.5) lib/rack/handler/thin.rb:13:in `run'
  rack (1.4.5) lib/rack/server.rb:268:in `start'
  railties (3.2.21) lib/rails/commands/server.rb:70:in `start'
  railties (3.2.21) lib/rails/commands.rb:55:in `block in <top (required)>'
  railties (3.2.21) lib/rails/commands.rb:50:in `tap'
  railties (3.2.21) lib/rails/commands.rb:50:in `<top (required)>'
  script/rails:6:in `require'
  script/rails:6:in `<main>'


  Rendered /home/nyros/.rvm/gems/ruby-2.1.5/gems/actionpack-3.2.21/lib/action_dispatch/middleware/templates/rescues/routing_error.erb within rescues/layout (0.6ms)
Connecting to database specified by database.yml
  [1m[36m (0.1ms)[0m  [1mSELECT "schema_migrations"."version" FROM "schema_migrations" [0m
Migrating to CreateStudentrecs (20150521051836)
  [1m[35m (0.1ms)[0m  select sqlite_version(*)
  [1m[36m (0.1ms)[0m  [1mSELECT "schema_migrations"."version" FROM "schema_migrations" [0m
